{"/home/dwarfie/projects/nimbus/backend/src/main.ts": {"path":"/home/dwarfie/projects/nimbus/backend/src/main.ts","statementMap":{"0":{"start":{"line":1,"column":0},"end":{"line":1,"column":43}},"1":{"start":{"line":2,"column":0},"end":{"line":2,"column":53}},"2":{"start":{"line":3,"column":0},"end":{"line":3,"column":65}},"3":{"start":{"line":4,"column":0},"end":{"line":4,"column":63}},"4":{"start":{"line":5,"column":0},"end":{"line":5,"column":41}},"5":{"start":{"line":8,"column":16},"end":{"line":8,"column":51}},"6":{"start":{"line":9,"column":4},"end":{"line":11,"column":7}},"7":{"start":{"line":12,"column":4},"end":{"line":14,"column":7}},"8":{"start":{"line":16,"column":19},"end":{"line":20,"column":16}},"9":{"start":{"line":21,"column":21},"end":{"line":21,"column":62}},"10":{"start":{"line":22,"column":4},"end":{"line":22,"column":47}},"11":{"start":{"line":24,"column":4},"end":{"line":24,"column":28}},"12":{"start":{"line":26,"column":4},"end":{"line":26,"column":27}},"13":{"start":{"line":28,"column":0},"end":{"line":28,"column":12}}},"fnMap":{"0":{"name":"bootstrap","decl":{"start":{"line":7,"column":15},"end":{"line":7,"column":24}},"loc":{"start":{"line":7,"column":24},"end":{"line":27,"column":1}}}},"branchMap":{},"s":{"0":0,"1":0,"2":0,"3":0,"4":0,"5":0,"6":0,"7":0,"8":0,"9":0,"10":0,"11":0,"12":0,"13":0},"f":{"0":0},"b":{}}
,"/home/dwarfie/projects/nimbus/backend/src/dependencies/providers.ts": {"path":"/home/dwarfie/projects/nimbus/backend/src/dependencies/providers.ts","statementMap":{"0":{"start":{"line":1,"column":0},"end":{"line":1,"column":66}},"1":{"start":{"line":2,"column":0},"end":{"line":2,"column":72}},"2":{"start":{"line":4,"column":13},"end":{"line":7,"column":2}},"3":{"start":{"line":9,"column":13},"end":{"line":12,"column":2}},"4":{"start":{"line":14,"column":13},"end":{"line":17,"column":2}}},"fnMap":{},"branchMap":{},"s":{"0":0,"1":0,"2":0,"3":0,"4":0},"f":{},"b":{}}
,"/home/dwarfie/projects/nimbus/backend/src/modules/app/app.module.ts": {"path":"/home/dwarfie/projects/nimbus/backend/src/modules/app/app.module.ts","statementMap":{"0":{"start":{"line":1,"column":0},"end":{"line":1,"column":75}},"1":{"start":{"line":2,"column":0},"end":{"line":2,"column":55}},"2":{"start":{"line":3,"column":0},"end":{"line":3,"column":40}},"3":{"start":{"line":4,"column":0},"end":{"line":4,"column":79}},"4":{"start":{"line":5,"column":0},"end":{"line":5,"column":70}},"5":{"start":{"line":6,"column":0},"end":{"line":6,"column":52}},"6":{"start":{"line":7,"column":0},"end":{"line":7,"column":51}},"7":{"start":{"line":8,"column":0},"end":{"line":8,"column":55}},"8":{"start":{"line":21,"column":7},"end":{"line":21,"column":null}},"9":{"start":{"line":21,"column":13},"end":{"line":21,"column":22}},"10":{"start":{"line":21,"column":13},"end":{"line":21,"column":null}}},"fnMap":{},"branchMap":{},"s":{"0":0,"1":0,"2":0,"3":0,"4":0,"5":0,"6":0,"7":0,"8":0,"9":0,"10":0},"f":{},"b":{}}
,"/home/dwarfie/projects/nimbus/backend/src/modules/app-service/app-service.module.ts": {"path":"/home/dwarfie/projects/nimbus/backend/src/modules/app-service/app-service.module.ts","statementMap":{"0":{"start":{"line":1,"column":0},"end":{"line":1,"column":40}},"1":{"start":{"line":2,"column":0},"end":{"line":2,"column":76}},"2":{"start":{"line":7,"column":7},"end":{"line":7,"column":null}},"3":{"start":{"line":7,"column":13},"end":{"line":7,"column":29}},"4":{"start":{"line":7,"column":13},"end":{"line":7,"column":null}}},"fnMap":{},"branchMap":{},"s":{"0":0,"1":0,"2":0,"3":0,"4":0},"f":{},"b":{}}
,"/home/dwarfie/projects/nimbus/backend/src/modules/app-service/controllers/app-service.controller.ts": {"path":"/home/dwarfie/projects/nimbus/backend/src/modules/app-service/controllers/app-service.controller.ts","statementMap":{"0":{"start":{"line":1,"column":0},"end":{"line":1,"column":63}},"1":{"start":{"line":2,"column":0},"end":{"line":2,"column":75}},"2":{"start":{"line":3,"column":0},"end":{"line":3,"column":42}},"3":{"start":{"line":8,"column":7},"end":{"line":16,"column":null}},"4":{"start":{"line":14,"column":8},"end":{"line":14,"column":23}},"5":{"start":{"line":8,"column":13},"end":{"line":8,"column":33}},"6":{"start":{"line":13,"column":4},"end":{"line":15,"column":null}},"7":{"start":{"line":8,"column":13},"end":{"line":16,"column":null}}},"fnMap":{"0":{"name":"(anonymous_2)","decl":{"start":{"line":13,"column":4},"end":{"line":13,"column":15}},"loc":{"start":{"line":13,"column":15},"end":{"line":15,"column":5}}}},"branchMap":{},"s":{"0":0,"1":0,"2":0,"3":0,"4":0,"5":0,"6":0,"7":0},"f":{"0":0},"b":{}}
,"/home/dwarfie/projects/nimbus/backend/src/modules/auth/auth.module.ts": {"path":"/home/dwarfie/projects/nimbus/backend/src/modules/auth/auth.module.ts","statementMap":{"0":{"start":{"line":1,"column":0},"end":{"line":1,"column":57}},"1":{"start":{"line":2,"column":0},"end":{"line":2,"column":40}},"2":{"start":{"line":3,"column":0},"end":{"line":3,"column":41}},"3":{"start":{"line":4,"column":0},"end":{"line":4,"column":40}},"4":{"start":{"line":5,"column":0},"end":{"line":5,"column":73}},"5":{"start":{"line":6,"column":0},"end":{"line":6,"column":79}},"6":{"start":{"line":7,"column":0},"end":{"line":7,"column":70}},"7":{"start":{"line":8,"column":0},"end":{"line":8,"column":63}},"8":{"start":{"line":9,"column":0},"end":{"line":9,"column":50}},"9":{"start":{"line":10,"column":0},"end":{"line":10,"column":52}},"10":{"start":{"line":32,"column":7},"end":{"line":32,"column":null}},"11":{"start":{"line":32,"column":13},"end":{"line":32,"column":23}},"12":{"start":{"line":32,"column":13},"end":{"line":32,"column":null}}},"fnMap":{},"branchMap":{},"s":{"0":0,"1":0,"2":0,"3":0,"4":0,"5":0,"6":0,"7":0,"8":0,"9":0,"10":0,"11":0,"12":0},"f":{},"b":{}}
,"/home/dwarfie/projects/nimbus/backend/src/modules/auth/controllers/auth.controller.ts": {"path":"/home/dwarfie/projects/nimbus/backend/src/modules/auth/controllers/auth.controller.ts","statementMap":{"0":{"start":{"line":1,"column":0},"end":{"line":1,"column":102}},"1":{"start":{"line":2,"column":0},"end":{"line":2,"column":84}},"2":{"start":{"line":3,"column":0},"end":{"line":3,"column":52}},"3":{"start":{"line":4,"column":0},"end":{"line":4,"column":74}},"4":{"start":{"line":5,"column":0},"end":{"line":5,"column":82}},"5":{"start":{"line":6,"column":0},"end":{"line":6,"column":64}},"6":{"start":{"line":8,"column":0},"end":{"line":8,"column":52}},"7":{"start":{"line":9,"column":0},"end":{"line":9,"column":51}},"8":{"start":{"line":29,"column":7},"end":{"line":118,"column":null}},"9":{"start":{"line":30,"column":52},"end":{"line":30,"column":77}},"10":{"start":{"line":53,"column":28},"end":{"line":53,"column":97}},"11":{"start":{"line":54,"column":8},"end":{"line":57,"column":11}},"12":{"start":{"line":58,"column":8},"end":{"line":58,"column":54}},"13":{"start":{"line":74,"column":50},"end":{"line":74,"column":97}},"14":{"start":{"line":75,"column":8},"end":{"line":75,"column":61}},"15":{"start":{"line":99,"column":8},"end":{"line":116,"column":null}},"16":{"start":{"line":100,"column":32},"end":{"line":100,"column":107}},"17":{"start":{"line":101,"column":12},"end":{"line":104,"column":15}},"18":{"start":{"line":106,"column":12},"end":{"line":106,"column":46}},"19":{"start":{"line":108,"column":12},"end":{"line":108,"column":27}},"20":{"start":{"line":109,"column":12},"end":{"line":115,"column":null}},"21":{"start":{"line":110,"column":16},"end":{"line":110,"column":72}},"22":{"start":{"line":111,"column":19},"end":{"line":115,"column":null}},"23":{"start":{"line":112,"column":16},"end":{"line":112,"column":74}},"24":{"start":{"line":114,"column":16},"end":{"line":114,"column":74}},"25":{"start":{"line":29,"column":13},"end":{"line":29,"column":27}},"26":{"start":{"line":52,"column":10},"end":{"line":59,"column":null}},"27":{"start":{"line":73,"column":10},"end":{"line":76,"column":null}},"28":{"start":{"line":98,"column":10},"end":{"line":117,"column":null}},"29":{"start":{"line":29,"column":13},"end":{"line":118,"column":null}}},"fnMap":{"0":{"name":"(anonymous_4)","decl":{"start":{"line":30,"column":4},"end":{"line":30,"column":17}},"loc":{"start":{"line":30,"column":77},"end":{"line":30,"column":81}}},"1":{"name":"(anonymous_5)","decl":{"start":{"line":52,"column":4},"end":{"line":52,"column":9}},"loc":{"start":{"line":52,"column":72},"end":{"line":59,"column":5}}},"2":{"name":"(anonymous_6)","decl":{"start":{"line":73,"column":4},"end":{"line":73,"column":9}},"loc":{"start":{"line":73,"column":67},"end":{"line":76,"column":5}}},"3":{"name":"(anonymous_7)","decl":{"start":{"line":98,"column":4},"end":{"line":98,"column":9}},"loc":{"start":{"line":98,"column":78},"end":{"line":117,"column":5}}}},"branchMap":{"0":{"loc":{"start":{"line":109,"column":12},"end":{"line":115,"column":null}},"type":"if","locations":[{"start":{"line":109,"column":12},"end":{"line":115,"column":null}},{"start":{"line":111,"column":19},"end":{"line":115,"column":null}}]},"1":{"loc":{"start":{"line":111,"column":19},"end":{"line":115,"column":null}},"type":"if","locations":[{"start":{"line":111,"column":19},"end":{"line":115,"column":null}},{"start":{"line":113,"column":19},"end":{"line":115,"column":null}}]}},"s":{"0":0,"1":0,"2":0,"3":0,"4":0,"5":0,"6":0,"7":0,"8":0,"9":0,"10":0,"11":0,"12":0,"13":0,"14":0,"15":0,"16":0,"17":0,"18":0,"19":0,"20":0,"21":0,"22":0,"23":0,"24":0,"25":0,"26":0,"27":0,"28":0,"29":0},"f":{"0":0,"1":0,"2":0,"3":0},"b":{"0":[0,0],"1":[0,0]}}
,"/home/dwarfie/projects/nimbus/backend/src/modules/auth/services/auth.decorator.ts": {"path":"/home/dwarfie/projects/nimbus/backend/src/modules/auth/services/auth.decorator.ts","statementMap":{"0":{"start":{"line":1,"column":0},"end":{"line":1,"column":45}},"1":{"start":{"line":3,"column":13},"end":{"line":3,"column":40}},"2":{"start":{"line":4,"column":22},"end":{"line":4,"column":60}},"3":{"start":{"line":4,"column":28},"end":{"line":4,"column":60}},"4":{"start":{"line":4,"column":13},"end":{"line":4,"column":22}}},"fnMap":{"0":{"name":"(anonymous_0)","decl":{"start":{"line":4,"column":22},"end":{"line":4,"column":25}},"loc":{"start":{"line":4,"column":28},"end":{"line":4,"column":60}}}},"branchMap":{},"s":{"0":0,"1":0,"2":0,"3":0,"4":0},"f":{"0":0},"b":{}}
,"/home/dwarfie/projects/nimbus/backend/src/modules/auth/services/auth.guard.ts": {"path":"/home/dwarfie/projects/nimbus/backend/src/modules/auth/services/auth.guard.ts","statementMap":{"0":{"start":{"line":1,"column":0},"end":{"line":1,"column":98}},"1":{"start":{"line":2,"column":0},"end":{"line":2,"column":41}},"2":{"start":{"line":3,"column":0},"end":{"line":3,"column":43}},"3":{"start":{"line":5,"column":0},"end":{"line":5,"column":41}},"4":{"start":{"line":6,"column":0},"end":{"line":6,"column":49}},"5":{"start":{"line":8,"column":7},"end":{"line":57,"column":null}},"6":{"start":{"line":10,"column":16},"end":{"line":10,"column":28}},"7":{"start":{"line":11,"column":16},"end":{"line":11,"column":27}},"8":{"start":{"line":15,"column":25},"end":{"line":18,"column":10}},"9":{"start":{"line":20,"column":8},"end":{"line":22,"column":null}},"10":{"start":{"line":21,"column":12},"end":{"line":21,"column":24}},"11":{"start":{"line":24,"column":24},"end":{"line":24,"column":59}},"12":{"start":{"line":27,"column":22},"end":{"line":27,"column":58}},"13":{"start":{"line":31,"column":8},"end":{"line":33,"column":null}},"14":{"start":{"line":32,"column":12},"end":{"line":32,"column":46}},"15":{"start":{"line":35,"column":8},"end":{"line":43,"column":null}},"16":{"start":{"line":36,"column":28},"end":{"line":38,"column":14}},"17":{"start":{"line":40,"column":12},"end":{"line":40,"column":38}},"18":{"start":{"line":42,"column":12},"end":{"line":42,"column":46}},"19":{"start":{"line":44,"column":8},"end":{"line":44,"column":20}},"20":{"start":{"line":48,"column":30},"end":{"line":48,"column":77}},"21":{"start":{"line":49,"column":8},"end":{"line":49,"column":53}},"22":{"start":{"line":53,"column":22},"end":{"line":53,"column":53}},"23":{"start":{"line":55,"column":8},"end":{"line":55,"column":21}},"24":{"start":{"line":8,"column":13},"end":{"line":8,"column":22}},"25":{"start":{"line":8,"column":13},"end":{"line":57,"column":null}}},"fnMap":{"0":{"name":"(anonymous_2)","decl":{"start":{"line":9,"column":4},"end":{"line":9,"column":null}},"loc":{"start":{"line":11,"column":36},"end":{"line":12,"column":8}}},"1":{"name":"(anonymous_3)","decl":{"start":{"line":14,"column":4},"end":{"line":14,"column":9}},"loc":{"start":{"line":14,"column":47},"end":{"line":45,"column":5}}},"2":{"name":"(anonymous_4)","decl":{"start":{"line":47,"column":12},"end":{"line":47,"column":34}},"loc":{"start":{"line":47,"column":51},"end":{"line":50,"column":5}}},"3":{"name":"(anonymous_5)","decl":{"start":{"line":52,"column":12},"end":{"line":52,"column":34}},"loc":{"start":{"line":52,"column":51},"end":{"line":56,"column":5}}}},"branchMap":{"0":{"loc":{"start":{"line":20,"column":8},"end":{"line":22,"column":null}},"type":"if","locations":[{"start":{"line":20,"column":8},"end":{"line":22,"column":null}}]},"1":{"loc":{"start":{"line":31,"column":8},"end":{"line":33,"column":null}},"type":"if","locations":[{"start":{"line":31,"column":8},"end":{"line":33,"column":null}}]},"2":{"loc":{"start":{"line":48,"column":30},"end":{"line":48,"column":77}},"type":"binary-expr","locations":[{"start":{"line":48,"column":30},"end":{"line":48,"column":71}},{"start":{"line":48,"column":75},"end":{"line":48,"column":77}}]},"3":{"loc":{"start":{"line":49,"column":15},"end":{"line":49,"column":52}},"type":"cond-expr","locations":[{"start":{"line":49,"column":35},"end":{"line":49,"column":40}},{"start":{"line":49,"column":43},"end":{"line":49,"column":52}}]}},"s":{"0":0,"1":0,"2":0,"3":0,"4":0,"5":0,"6":0,"7":0,"8":0,"9":0,"10":0,"11":0,"12":0,"13":0,"14":0,"15":0,"16":0,"17":0,"18":0,"19":0,"20":0,"21":0,"22":0,"23":0,"24":0,"25":0},"f":{"0":0,"1":0,"2":0,"3":0},"b":{"0":[0],"1":[0],"2":[0,0],"3":[0,0]}}
,"/home/dwarfie/projects/nimbus/backend/src/modules/auth/services/auth.service.ts": {"path":"/home/dwarfie/projects/nimbus/backend/src/modules/auth/services/auth.service.ts","statementMap":{"0":{"start":{"line":2,"column":0},"end":{"line":2,"column":75}},"1":{"start":{"line":3,"column":0},"end":{"line":3,"column":41}},"2":{"start":{"line":4,"column":0},"end":{"line":4,"column":87}},"3":{"start":{"line":5,"column":0},"end":{"line":5,"column":74}},"4":{"start":{"line":6,"column":0},"end":{"line":6,"column":93}},"5":{"start":{"line":7,"column":0},"end":{"line":7,"column":82}},"6":{"start":{"line":8,"column":0},"end":{"line":8,"column":93}},"7":{"start":{"line":9,"column":0},"end":{"line":9,"column":81}},"8":{"start":{"line":18,"column":7},"end":{"line":81,"column":null}},"9":{"start":{"line":20,"column":52},"end":{"line":20,"column":78}},"10":{"start":{"line":22,"column":16},"end":{"line":22,"column":38}},"11":{"start":{"line":23,"column":43},"end":{"line":23,"column":55}},"12":{"start":{"line":24,"column":16},"end":{"line":24,"column":28}},"13":{"start":{"line":28,"column":8},"end":{"line":57,"column":null}},"14":{"start":{"line":29,"column":25},"end":{"line":32,"column":14}},"15":{"start":{"line":34,"column":28},"end":{"line":37,"column":14}},"16":{"start":{"line":39,"column":27},"end":{"line":41,"column":14}},"17":{"start":{"line":43,"column":12},"end":{"line":43,"column":64}},"18":{"start":{"line":44,"column":12},"end":{"line":44,"column":74}},"19":{"start":{"line":46,"column":12},"end":{"line":46,"column":26}},"20":{"start":{"line":48,"column":12},"end":{"line":54,"column":null}},"21":{"start":{"line":49,"column":16},"end":{"line":51,"column":null}},"22":{"start":{"line":50,"column":20},"end":{"line":50,"column":96}},"23":{"start":{"line":52,"column":19},"end":{"line":54,"column":null}},"24":{"start":{"line":53,"column":16},"end":{"line":53,"column":47}},"25":{"start":{"line":56,"column":12},"end":{"line":56,"column":20}},"26":{"start":{"line":61,"column":21},"end":{"line":61,"column":62}},"27":{"start":{"line":63,"column":8},"end":{"line":65,"column":null}},"28":{"start":{"line":64,"column":12},"end":{"line":64,"column":46}},"29":{"start":{"line":67,"column":24},"end":{"line":67,"column":65}},"30":{"start":{"line":69,"column":23},"end":{"line":71,"column":10}},"31":{"start":{"line":73,"column":8},"end":{"line":73,"column":22}},"32":{"start":{"line":77,"column":21},"end":{"line":77,"column":67}},"33":{"start":{"line":78,"column":27},"end":{"line":78,"column":84}},"34":{"start":{"line":79,"column":8},"end":{"line":79,"column":36}},"35":{"start":{"line":18,"column":13},"end":{"line":18,"column":24}},"36":{"start":{"line":18,"column":13},"end":{"line":81,"column":null}}},"fnMap":{"0":{"name":"(anonymous_4)","decl":{"start":{"line":19,"column":4},"end":{"line":19,"column":null}},"loc":{"start":{"line":24,"column":38},"end":{"line":25,"column":8}}},"1":{"name":"(anonymous_5)","decl":{"start":{"line":27,"column":4},"end":{"line":27,"column":9}},"loc":{"start":{"line":27,"column":53},"end":{"line":58,"column":5}}},"2":{"name":"(anonymous_6)","decl":{"start":{"line":60,"column":4},"end":{"line":60,"column":9}},"loc":{"start":{"line":60,"column":47},"end":{"line":74,"column":5}}},"3":{"name":"(anonymous_7)","decl":{"start":{"line":76,"column":4},"end":{"line":76,"column":9}},"loc":{"start":{"line":76,"column":35},"end":{"line":80,"column":5}}}},"branchMap":{"0":{"loc":{"start":{"line":48,"column":12},"end":{"line":54,"column":null}},"type":"if","locations":[{"start":{"line":48,"column":12},"end":{"line":54,"column":null}},{"start":{"line":52,"column":19},"end":{"line":54,"column":null}}]},"1":{"loc":{"start":{"line":49,"column":16},"end":{"line":51,"column":null}},"type":"if","locations":[{"start":{"line":49,"column":16},"end":{"line":51,"column":null}}]},"2":{"loc":{"start":{"line":52,"column":19},"end":{"line":54,"column":null}},"type":"if","locations":[{"start":{"line":52,"column":19},"end":{"line":54,"column":null}}]},"3":{"loc":{"start":{"line":63,"column":8},"end":{"line":65,"column":null}},"type":"if","locations":[{"start":{"line":63,"column":8},"end":{"line":65,"column":null}}]}},"s":{"0":0,"1":0,"2":0,"3":0,"4":0,"5":0,"6":0,"7":0,"8":0,"9":0,"10":0,"11":0,"12":0,"13":0,"14":0,"15":0,"16":0,"17":0,"18":0,"19":0,"20":0,"21":0,"22":0,"23":0,"24":0,"25":0,"26":0,"27":0,"28":0,"29":0,"30":0,"31":0,"32":0,"33":0,"34":0,"35":0,"36":0},"f":{"0":0,"1":0,"2":0,"3":0},"b":{"0":[0,0],"1":[0],"2":[0],"3":[0]}}
,"/home/dwarfie/projects/nimbus/backend/src/modules/auth/services/constants.ts": {"path":"/home/dwarfie/projects/nimbus/backend/src/modules/auth/services/constants.ts","statementMap":{"0":{"start":{"line":1,"column":13},"end":{"line":3,"column":2}}},"fnMap":{},"branchMap":{},"s":{"0":0},"f":{},"b":{}}
,"/home/dwarfie/projects/nimbus/backend/src/modules/config/config.module.ts": {"path":"/home/dwarfie/projects/nimbus/backend/src/modules/config/config.module.ts","statementMap":{"0":{"start":{"line":1,"column":0},"end":{"line":1,"column":40}},"1":{"start":{"line":3,"column":0},"end":{"line":3,"column":56}},"2":{"start":{"line":4,"column":0},"end":{"line":4,"column":58}},"3":{"start":{"line":10,"column":7},"end":{"line":10,"column":null}},"4":{"start":{"line":10,"column":13},"end":{"line":10,"column":25}},"5":{"start":{"line":10,"column":13},"end":{"line":10,"column":null}}},"fnMap":{},"branchMap":{},"s":{"0":1,"1":1,"2":1,"3":1,"4":1,"5":1},"f":{},"b":{}}
,"/home/dwarfie/projects/nimbus/backend/src/modules/config/dev.config.service.ts": {"path":"/home/dwarfie/projects/nimbus/backend/src/modules/config/dev.config.service.ts","statementMap":{"0":{"start":{"line":2,"column":0},"end":{"line":2,"column":75}},"1":{"start":{"line":10,"column":0},"end":{"line":10,"column":29}},"2":{"start":{"line":17,"column":7},"end":{"line":23,"column":null}},"3":{"start":{"line":21,"column":8},"end":{"line":21,"column":64}},"4":{"start":{"line":17,"column":13},"end":{"line":17,"column":29}},"5":{"start":{"line":17,"column":13},"end":{"line":23,"column":null}}},"fnMap":{"0":{"name":"(anonymous_3)","decl":{"start":{"line":18,"column":4},"end":{"line":18,"column":20}},"loc":{"start":{"line":18,"column":4},"end":{"line":18,"column":21}}},"1":{"name":"(anonymous_4)","decl":{"start":{"line":20,"column":4},"end":{"line":20,"column":18}},"loc":{"start":{"line":20,"column":18},"end":{"line":22,"column":5}}}},"branchMap":{},"s":{"0":1,"1":1,"2":1,"3":0,"4":1,"5":1},"f":{"0":5,"1":0},"b":{}}
,"/home/dwarfie/projects/nimbus/backend/src/modules/config/test.config.service.ts": {"path":"/home/dwarfie/projects/nimbus/backend/src/modules/config/test.config.service.ts","statementMap":{"0":{"start":{"line":2,"column":0},"end":{"line":2,"column":75}},"1":{"start":{"line":10,"column":0},"end":{"line":10,"column":29}},"2":{"start":{"line":15,"column":7},"end":{"line":21,"column":null}},"3":{"start":{"line":19,"column":8},"end":{"line":19,"column":71}},"4":{"start":{"line":15,"column":13},"end":{"line":15,"column":30}},"5":{"start":{"line":15,"column":13},"end":{"line":21,"column":null}}},"fnMap":{"0":{"name":"(anonymous_3)","decl":{"start":{"line":16,"column":4},"end":{"line":16,"column":20}},"loc":{"start":{"line":16,"column":4},"end":{"line":16,"column":21}}},"1":{"name":"(anonymous_4)","decl":{"start":{"line":18,"column":4},"end":{"line":18,"column":18}},"loc":{"start":{"line":18,"column":18},"end":{"line":20,"column":5}}}},"branchMap":{},"s":{"0":1,"1":1,"2":1,"3":18,"4":1,"5":1},"f":{"0":10,"1":18},"b":{}}
,"/home/dwarfie/projects/nimbus/backend/src/modules/errors/ErrorUniqueConstaint.ts": {"path":"/home/dwarfie/projects/nimbus/backend/src/modules/errors/ErrorUniqueConstaint.ts","statementMap":{"0":{"start":{"line":6,"column":8},"end":{"line":6,"column":16}},"1":{"start":{"line":8,"column":8},"end":{"line":8,"column":50}},"2":{"start":{"line":9,"column":8},"end":{"line":9,"column":35}},"3":{"start":{"line":1,"column":0},"end":{"line":1,"column":13}}},"fnMap":{"0":{"name":"(anonymous_0)","decl":{"start":{"line":5,"column":4},"end":{"line":5,"column":16}},"loc":{"start":{"line":5,"column":33},"end":{"line":10,"column":5}}}},"branchMap":{},"s":{"0":0,"1":0,"2":0,"3":0},"f":{"0":0},"b":{}}
,"/home/dwarfie/projects/nimbus/backend/src/modules/errors/ErrorUserRegister.ts": {"path":"/home/dwarfie/projects/nimbus/backend/src/modules/errors/ErrorUserRegister.ts","statementMap":{"0":{"start":{"line":4,"column":8},"end":{"line":4,"column":16}},"1":{"start":{"line":6,"column":8},"end":{"line":6,"column":61}},"2":{"start":{"line":1,"column":0},"end":{"line":1,"column":13}}},"fnMap":{"0":{"name":"(anonymous_0)","decl":{"start":{"line":3,"column":4},"end":{"line":3,"column":16}},"loc":{"start":{"line":3,"column":31},"end":{"line":7,"column":5}}}},"branchMap":{"0":{"loc":{"start":{"line":6,"column":23},"end":{"line":6,"column":60}},"type":"binary-expr","locations":[{"start":{"line":6,"column":23},"end":{"line":6,"column":30}},{"start":{"line":6,"column":34},"end":{"line":6,"column":60}}]}},"s":{"0":0,"1":0,"2":0},"f":{"0":0},"b":{"0":[0,0]}}
,"/home/dwarfie/projects/nimbus/backend/src/modules/errors/ErrorUserRegisterEndpoint.ts": {"path":"/home/dwarfie/projects/nimbus/backend/src/modules/errors/ErrorUserRegisterEndpoint.ts","statementMap":{"0":{"start":{"line":4,"column":8},"end":{"line":4,"column":16}},"1":{"start":{"line":6,"column":8},"end":{"line":6,"column":59}},"2":{"start":{"line":1,"column":0},"end":{"line":1,"column":13}}},"fnMap":{"0":{"name":"(anonymous_0)","decl":{"start":{"line":3,"column":4},"end":{"line":3,"column":16}},"loc":{"start":{"line":3,"column":31},"end":{"line":7,"column":5}}}},"branchMap":{"0":{"loc":{"start":{"line":6,"column":23},"end":{"line":6,"column":58}},"type":"binary-expr","locations":[{"start":{"line":6,"column":23},"end":{"line":6,"column":30}},{"start":{"line":6,"column":34},"end":{"line":6,"column":58}}]}},"s":{"0":0,"1":0,"2":0},"f":{"0":0},"b":{"0":[0,0]}}
,"/home/dwarfie/projects/nimbus/backend/src/modules/errors/SystemError.ts": {"path":"/home/dwarfie/projects/nimbus/backend/src/modules/errors/SystemError.ts","statementMap":{"0":{"start":{"line":4,"column":8},"end":{"line":4,"column":16}},"1":{"start":{"line":6,"column":8},"end":{"line":6,"column":50}},"2":{"start":{"line":1,"column":0},"end":{"line":1,"column":13}}},"fnMap":{"0":{"name":"(anonymous_0)","decl":{"start":{"line":3,"column":4},"end":{"line":3,"column":16}},"loc":{"start":{"line":3,"column":31},"end":{"line":7,"column":5}}}},"branchMap":{"0":{"loc":{"start":{"line":6,"column":23},"end":{"line":6,"column":49}},"type":"binary-expr","locations":[{"start":{"line":6,"column":23},"end":{"line":6,"column":30}},{"start":{"line":6,"column":34},"end":{"line":6,"column":49}}]}},"s":{"0":0,"1":0,"2":0},"f":{"0":0},"b":{"0":[0,0]}}
,"/home/dwarfie/projects/nimbus/backend/src/modules/errors/db/DbFileRecordDoesNotExistError.ts": {"path":"/home/dwarfie/projects/nimbus/backend/src/modules/errors/db/DbFileRecordDoesNotExistError.ts","statementMap":{"0":{"start":{"line":5,"column":8},"end":{"line":5,"column":16}},"1":{"start":{"line":7,"column":8},"end":{"line":7,"column":68}},"2":{"start":{"line":1,"column":0},"end":{"line":1,"column":13}}},"fnMap":{"0":{"name":"(anonymous_0)","decl":{"start":{"line":4,"column":4},"end":{"line":4,"column":16}},"loc":{"start":{"line":4,"column":32},"end":{"line":8,"column":5}}}},"branchMap":{"0":{"loc":{"start":{"line":7,"column":23},"end":{"line":7,"column":67}},"type":"binary-expr","locations":[{"start":{"line":7,"column":23},"end":{"line":7,"column":30}},{"start":{"line":7,"column":34},"end":{"line":7,"column":67}}]}},"s":{"0":0,"1":0,"2":0},"f":{"0":0},"b":{"0":[0,0]}}
,"/home/dwarfie/projects/nimbus/backend/src/modules/errors/logic/CannotCreateRootFolder.ts": {"path":"/home/dwarfie/projects/nimbus/backend/src/modules/errors/logic/CannotCreateRootFolder.ts","statementMap":{"0":{"start":{"line":5,"column":8},"end":{"line":5,"column":16}},"1":{"start":{"line":7,"column":8},"end":{"line":7,"column":68}},"2":{"start":{"line":1,"column":0},"end":{"line":1,"column":13}}},"fnMap":{"0":{"name":"(anonymous_0)","decl":{"start":{"line":4,"column":4},"end":{"line":4,"column":16}},"loc":{"start":{"line":4,"column":32},"end":{"line":8,"column":5}}}},"branchMap":{"0":{"loc":{"start":{"line":7,"column":23},"end":{"line":7,"column":67}},"type":"binary-expr","locations":[{"start":{"line":7,"column":23},"end":{"line":7,"column":30}},{"start":{"line":7,"column":34},"end":{"line":7,"column":67}}]}},"s":{"0":0,"1":0,"2":1},"f":{"0":0},"b":{"0":[0,0]}}
,"/home/dwarfie/projects/nimbus/backend/src/modules/errors/logic/CannotFullfillRequest.ts": {"path":"/home/dwarfie/projects/nimbus/backend/src/modules/errors/logic/CannotFullfillRequest.ts","statementMap":{"0":{"start":{"line":7,"column":8},"end":{"line":7,"column":16}},"1":{"start":{"line":9,"column":8},"end":{"line":9,"column":61}},"2":{"start":{"line":4,"column":0},"end":{"line":4,"column":13}}},"fnMap":{"0":{"name":"(anonymous_0)","decl":{"start":{"line":6,"column":4},"end":{"line":6,"column":16}},"loc":{"start":{"line":6,"column":32},"end":{"line":10,"column":5}}}},"branchMap":{"0":{"loc":{"start":{"line":9,"column":23},"end":{"line":9,"column":60}},"type":"binary-expr","locations":[{"start":{"line":9,"column":23},"end":{"line":9,"column":30}},{"start":{"line":9,"column":34},"end":{"line":9,"column":60}}]}},"s":{"0":0,"1":0,"2":0},"f":{"0":0},"b":{"0":[0,0]}}
,"/home/dwarfie/projects/nimbus/backend/src/modules/errors/logic/GenericServerError.ts": {"path":"/home/dwarfie/projects/nimbus/backend/src/modules/errors/logic/GenericServerError.ts","statementMap":{"0":{"start":{"line":4,"column":8},"end":{"line":4,"column":16}},"1":{"start":{"line":6,"column":8},"end":{"line":6,"column":50}},"2":{"start":{"line":1,"column":0},"end":{"line":1,"column":13}}},"fnMap":{"0":{"name":"(anonymous_0)","decl":{"start":{"line":3,"column":4},"end":{"line":3,"column":16}},"loc":{"start":{"line":3,"column":32},"end":{"line":7,"column":5}}}},"branchMap":{"0":{"loc":{"start":{"line":6,"column":23},"end":{"line":6,"column":49}},"type":"binary-expr","locations":[{"start":{"line":6,"column":23},"end":{"line":6,"column":30}},{"start":{"line":6,"column":34},"end":{"line":6,"column":49}}]}},"s":{"0":0,"1":0,"2":0},"f":{"0":0},"b":{"0":[0,0]}}
,"/home/dwarfie/projects/nimbus/backend/src/modules/errors/logic/NoFolderWithThisIdError.ts": {"path":"/home/dwarfie/projects/nimbus/backend/src/modules/errors/logic/NoFolderWithThisIdError.ts","statementMap":{"0":{"start":{"line":5,"column":8},"end":{"line":5,"column":16}},"1":{"start":{"line":7,"column":8},"end":{"line":7,"column":68}},"2":{"start":{"line":1,"column":0},"end":{"line":1,"column":13}}},"fnMap":{"0":{"name":"(anonymous_0)","decl":{"start":{"line":4,"column":4},"end":{"line":4,"column":16}},"loc":{"start":{"line":4,"column":32},"end":{"line":8,"column":5}}}},"branchMap":{"0":{"loc":{"start":{"line":7,"column":23},"end":{"line":7,"column":67}},"type":"binary-expr","locations":[{"start":{"line":7,"column":23},"end":{"line":7,"column":30}},{"start":{"line":7,"column":34},"end":{"line":7,"column":67}}]}},"s":{"0":0,"1":0,"2":0},"f":{"0":0},"b":{"0":[0,0]}}
,"/home/dwarfie/projects/nimbus/backend/src/modules/errors/system/NoDirectoryFound.ts": {"path":"/home/dwarfie/projects/nimbus/backend/src/modules/errors/system/NoDirectoryFound.ts","statementMap":{"0":{"start":{"line":1,"column":0},"end":{"line":1,"column":45}},"1":{"start":{"line":6,"column":8},"end":{"line":6,"column":23}},"2":{"start":{"line":8,"column":8},"end":{"line":8,"column":61}},"3":{"start":{"line":3,"column":0},"end":{"line":3,"column":13}}},"fnMap":{"0":{"name":"(anonymous_0)","decl":{"start":{"line":5,"column":4},"end":{"line":5,"column":16}},"loc":{"start":{"line":5,"column":31},"end":{"line":9,"column":5}}}},"branchMap":{"0":{"loc":{"start":{"line":8,"column":23},"end":{"line":8,"column":60}},"type":"binary-expr","locations":[{"start":{"line":8,"column":23},"end":{"line":8,"column":30}},{"start":{"line":8,"column":34},"end":{"line":8,"column":60}}]}},"s":{"0":0,"1":0,"2":0,"3":0},"f":{"0":0},"b":{"0":[0,0]}}
,"/home/dwarfie/projects/nimbus/backend/src/modules/file-structure/file-structure.module.ts": {"path":"/home/dwarfie/projects/nimbus/backend/src/modules/file-structure/file-structure.module.ts","statementMap":{"0":{"start":{"line":1,"column":0},"end":{"line":1,"column":54}},"1":{"start":{"line":3,"column":0},"end":{"line":3,"column":67}},"2":{"start":{"line":10,"column":7},"end":{"line":10,"column":null}},"3":{"start":{"line":10,"column":13},"end":{"line":10,"column":33}},"4":{"start":{"line":10,"column":13},"end":{"line":10,"column":null}}},"fnMap":{},"branchMap":{},"s":{"0":0,"1":0,"2":0,"3":0,"4":0},"f":{},"b":{}}
,"/home/dwarfie/projects/nimbus/backend/src/modules/file-structure/file-structure.service.ts": {"path":"/home/dwarfie/projects/nimbus/backend/src/modules/file-structure/file-structure.service.ts","statementMap":{"0":{"start":{"line":1,"column":0},"end":{"line":1,"column":44}},"1":{"start":{"line":2,"column":0},"end":{"line":2,"column":93}},"2":{"start":{"line":3,"column":0},"end":{"line":3,"column":86}},"3":{"start":{"line":4,"column":0},"end":{"line":4,"column":82}},"4":{"start":{"line":5,"column":0},"end":{"line":5,"column":53}},"5":{"start":{"line":34,"column":7},"end":{"line":302,"column":null}},"6":{"start":{"line":38,"column":8},"end":{"line":38,"column":null}},"7":{"start":{"line":42,"column":8},"end":{"line":101,"column":null}},"8":{"start":{"line":43,"column":32},"end":{"line":43,"column":47}},"9":{"start":{"line":45,"column":27},"end":{"line":45,"column":61}},"10":{"start":{"line":46,"column":12},"end":{"line":48,"column":null}},"11":{"start":{"line":47,"column":16},"end":{"line":47,"column":84}},"12":{"start":{"line":50,"column":12},"end":{"line":50,"column":32}},"13":{"start":{"line":51,"column":39},"end":{"line":51,"column":59}},"14":{"start":{"line":52,"column":12},"end":{"line":52,"column":44}},"15":{"start":{"line":54,"column":26},"end":{"line":64,"column":14}},"16":{"start":{"line":66,"column":27},"end":{"line":71,"column":14}},"17":{"start":{"line":67,"column":16},"end":{"line":70,"column":18}},"18":{"start":{"line":74,"column":12},"end":{"line":74,"column":27}},"19":{"start":{"line":76,"column":12},"end":{"line":82,"column":null}},"20":{"start":{"line":78,"column":16},"end":{"line":81,"column":19}},"21":{"start":{"line":84,"column":12},"end":{"line":84,"column":32}},"22":{"start":{"line":85,"column":12},"end":{"line":85,"column":26}},"23":{"start":{"line":87,"column":12},"end":{"line":95,"column":null}},"24":{"start":{"line":88,"column":16},"end":{"line":90,"column":null}},"25":{"start":{"line":89,"column":20},"end":{"line":89,"column":57}},"26":{"start":{"line":91,"column":16},"end":{"line":94,"column":null}},"27":{"start":{"line":93,"column":20},"end":{"line":93,"column":28}},"28":{"start":{"line":96,"column":12},"end":{"line":98,"column":null}},"29":{"start":{"line":97,"column":16},"end":{"line":97,"column":24}},"30":{"start":{"line":100,"column":12},"end":{"line":100,"column":20}},"31":{"start":{"line":105,"column":28},"end":{"line":105,"column":45}},"32":{"start":{"line":107,"column":8},"end":{"line":111,"column":11}},"33":{"start":{"line":115,"column":28},"end":{"line":115,"column":45}},"34":{"start":{"line":117,"column":8},"end":{"line":124,"column":11}},"35":{"start":{"line":128,"column":8},"end":{"line":144,"column":null}},"36":{"start":{"line":129,"column":32},"end":{"line":129,"column":49}},"37":{"start":{"line":131,"column":12},"end":{"line":135,"column":15}},"38":{"start":{"line":137,"column":12},"end":{"line":141,"column":null}},"39":{"start":{"line":138,"column":16},"end":{"line":140,"column":null}},"40":{"start":{"line":139,"column":20},"end":{"line":139,"column":57}},"41":{"start":{"line":143,"column":12},"end":{"line":143,"column":20}},"42":{"start":{"line":148,"column":8},"end":{"line":168,"column":null}},"43":{"start":{"line":149,"column":32},"end":{"line":149,"column":49}},"44":{"start":{"line":151,"column":12},"end":{"line":159,"column":15}},"45":{"start":{"line":161,"column":12},"end":{"line":165,"column":null}},"46":{"start":{"line":162,"column":16},"end":{"line":164,"column":null}},"47":{"start":{"line":163,"column":20},"end":{"line":163,"column":57}},"48":{"start":{"line":167,"column":12},"end":{"line":167,"column":20}},"49":{"start":{"line":178,"column":28},"end":{"line":178,"column":45}},"50":{"start":{"line":180,"column":8},"end":{"line":187,"column":11}},"51":{"start":{"line":191,"column":28},"end":{"line":191,"column":45}},"52":{"start":{"line":193,"column":8},"end":{"line":197,"column":11}},"53":{"start":{"line":201,"column":28},"end":{"line":201,"column":45}},"54":{"start":{"line":203,"column":8},"end":{"line":207,"column":11}},"55":{"start":{"line":211,"column":8},"end":{"line":237,"column":null}},"56":{"start":{"line":212,"column":32},"end":{"line":212,"column":49}},"57":{"start":{"line":214,"column":27},"end":{"line":225,"column":14}},"58":{"start":{"line":227,"column":12},"end":{"line":227,"column":48}},"59":{"start":{"line":228,"column":12},"end":{"line":230,"column":null}},"60":{"start":{"line":229,"column":16},"end":{"line":229,"column":30}},"61":{"start":{"line":232,"column":12},"end":{"line":232,"column":24}},"62":{"start":{"line":234,"column":12},"end":{"line":234,"column":33}},"63":{"start":{"line":235,"column":12},"end":{"line":235,"column":27}},"64":{"start":{"line":236,"column":12},"end":{"line":236,"column":20}},"65":{"start":{"line":242,"column":28},"end":{"line":242,"column":45}},"66":{"start":{"line":244,"column":23},"end":{"line":251,"column":10}},"67":{"start":{"line":253,"column":8},"end":{"line":253,"column":22}},"68":{"start":{"line":257,"column":28},"end":{"line":257,"column":45}},"69":{"start":{"line":259,"column":23},"end":{"line":267,"column":10}},"70":{"start":{"line":269,"column":8},"end":{"line":269,"column":22}},"71":{"start":{"line":273,"column":28},"end":{"line":273,"column":45}},"72":{"start":{"line":275,"column":23},"end":{"line":279,"column":10}},"73":{"start":{"line":281,"column":8},"end":{"line":281,"column":22}},"74":{"start":{"line":285,"column":28},"end":{"line":285,"column":45}},"75":{"start":{"line":287,"column":29},"end":{"line":291,"column":10}},"76":{"start":{"line":293,"column":8},"end":{"line":300,"column":11}},"77":{"start":{"line":34,"column":13},"end":{"line":34,"column":36}},"78":{"start":{"line":34,"column":13},"end":{"line":302,"column":null}}},"fnMap":{"0":{"name":"(anonymous_2)","decl":{"start":{"line":37,"column":4},"end":{"line":37,"column":null}},"loc":{"start":{"line":37,"column":4},"end":{"line":39,"column":5}}},"1":{"name":"(anonymous_3)","decl":{"start":{"line":41,"column":4},"end":{"line":41,"column":9}},"loc":{"start":{"line":41,"column":40},"end":{"line":102,"column":5}}},"2":{"name":"(anonymous_4)","decl":{"start":{"line":66,"column":37},"end":{"line":66,"column":38}},"loc":{"start":{"line":66,"column":48},"end":{"line":71,"column":13}}},"3":{"name":"(anonymous_5)","decl":{"start":{"line":104,"column":4},"end":{"line":104,"column":9}},"loc":{"start":{"line":104,"column":45},"end":{"line":112,"column":5}}},"4":{"name":"(anonymous_6)","decl":{"start":{"line":114,"column":4},"end":{"line":114,"column":14}},"loc":{"start":{"line":114,"column":80},"end":{"line":125,"column":5}}},"5":{"name":"(anonymous_7)","decl":{"start":{"line":127,"column":4},"end":{"line":127,"column":15}},"loc":{"start":{"line":127,"column":30},"end":{"line":145,"column":5}}},"6":{"name":"(anonymous_8)","decl":{"start":{"line":147,"column":4},"end":{"line":147,"column":14}},"loc":{"start":{"line":147,"column":29},"end":{"line":169,"column":5}}},"7":{"name":"(anonymous_9)","decl":{"start":{"line":177,"column":4},"end":{"line":177,"column":9}},"loc":{"start":{"line":177,"column":45},"end":{"line":188,"column":5}}},"8":{"name":"(anonymous_10)","decl":{"start":{"line":190,"column":4},"end":{"line":190,"column":21}},"loc":{"start":{"line":190,"column":36},"end":{"line":198,"column":5}}},"9":{"name":"(anonymous_11)","decl":{"start":{"line":200,"column":4},"end":{"line":200,"column":24}},"loc":{"start":{"line":200,"column":41},"end":{"line":208,"column":5}}},"10":{"name":"(anonymous_12)","decl":{"start":{"line":210,"column":4},"end":{"line":210,"column":9}},"loc":{"start":{"line":210,"column":40},"end":{"line":238,"column":5}}},"11":{"name":"(anonymous_13)","decl":{"start":{"line":241,"column":4},"end":{"line":241,"column":9}},"loc":{"start":{"line":241,"column":62},"end":{"line":254,"column":5}}},"12":{"name":"(anonymous_14)","decl":{"start":{"line":256,"column":4},"end":{"line":256,"column":9}},"loc":{"start":{"line":256,"column":74},"end":{"line":270,"column":5}}},"13":{"name":"(anonymous_15)","decl":{"start":{"line":272,"column":4},"end":{"line":272,"column":9}},"loc":{"start":{"line":272,"column":39},"end":{"line":282,"column":5}}},"14":{"name":"(anonymous_16)","decl":{"start":{"line":284,"column":4},"end":{"line":284,"column":9}},"loc":{"start":{"line":284,"column":85},"end":{"line":301,"column":5}}}},"branchMap":{"0":{"loc":{"start":{"line":46,"column":12},"end":{"line":48,"column":null}},"type":"if","locations":[{"start":{"line":46,"column":12},"end":{"line":48,"column":null}}]},"1":{"loc":{"start":{"line":76,"column":12},"end":{"line":82,"column":null}},"type":"if","locations":[{"start":{"line":76,"column":12},"end":{"line":82,"column":null}}]},"2":{"loc":{"start":{"line":87,"column":12},"end":{"line":95,"column":null}},"type":"if","locations":[{"start":{"line":87,"column":12},"end":{"line":95,"column":null}}]},"3":{"loc":{"start":{"line":88,"column":16},"end":{"line":90,"column":null}},"type":"if","locations":[{"start":{"line":88,"column":16},"end":{"line":90,"column":null}}]},"4":{"loc":{"start":{"line":91,"column":16},"end":{"line":94,"column":null}},"type":"if","locations":[{"start":{"line":91,"column":16},"end":{"line":94,"column":null}}]},"5":{"loc":{"start":{"line":96,"column":12},"end":{"line":98,"column":null}},"type":"if","locations":[{"start":{"line":96,"column":12},"end":{"line":98,"column":null}}]},"6":{"loc":{"start":{"line":137,"column":12},"end":{"line":141,"column":null}},"type":"if","locations":[{"start":{"line":137,"column":12},"end":{"line":141,"column":null}}]},"7":{"loc":{"start":{"line":138,"column":16},"end":{"line":140,"column":null}},"type":"if","locations":[{"start":{"line":138,"column":16},"end":{"line":140,"column":null}}]},"8":{"loc":{"start":{"line":161,"column":12},"end":{"line":165,"column":null}},"type":"if","locations":[{"start":{"line":161,"column":12},"end":{"line":165,"column":null}}]},"9":{"loc":{"start":{"line":162,"column":16},"end":{"line":164,"column":null}},"type":"if","locations":[{"start":{"line":162,"column":16},"end":{"line":164,"column":null}}]},"10":{"loc":{"start":{"line":228,"column":12},"end":{"line":230,"column":null}},"type":"if","locations":[{"start":{"line":228,"column":12},"end":{"line":230,"column":null}}]}},"s":{"0":0,"1":0,"2":0,"3":0,"4":0,"5":0,"6":0,"7":0,"8":0,"9":0,"10":0,"11":0,"12":0,"13":0,"14":0,"15":0,"16":0,"17":0,"18":0,"19":0,"20":0,"21":0,"22":0,"23":0,"24":0,"25":0,"26":0,"27":0,"28":0,"29":0,"30":0,"31":0,"32":0,"33":0,"34":0,"35":0,"36":0,"37":0,"38":0,"39":0,"40":0,"41":0,"42":0,"43":0,"44":0,"45":0,"46":0,"47":0,"48":0,"49":0,"50":0,"51":0,"52":0,"53":0,"54":0,"55":0,"56":0,"57":0,"58":0,"59":0,"60":0,"61":0,"62":0,"63":0,"64":0,"65":0,"66":0,"67":0,"68":0,"69":0,"70":0,"71":0,"72":0,"73":0,"74":0,"75":0,"76":0,"77":0,"78":0},"f":{"0":0,"1":0,"2":0,"3":0,"4":0,"5":0,"6":0,"7":0,"8":0,"9":0,"10":0,"11":0,"12":0,"13":0,"14":0},"b":{"0":[0],"1":[0],"2":[0],"3":[0],"4":[0],"5":[0],"6":[0],"7":[0],"8":[0],"9":[0],"10":[0]}}
,"/home/dwarfie/projects/nimbus/backend/src/modules/file-structure/mongo-connection.ts": {"path":"/home/dwarfie/projects/nimbus/backend/src/modules/file-structure/mongo-connection.ts","statementMap":{"0":{"start":{"line":2,"column":0},"end":{"line":2,"column":93}},"1":{"start":{"line":9,"column":8},"end":{"line":9,"column":40}},"2":{"start":{"line":13,"column":8},"end":{"line":13,"column":27}},"3":{"start":{"line":4,"column":0},"end":{"line":4,"column":13}}},"fnMap":{"0":{"name":"(anonymous_0)","decl":{"start":{"line":8,"column":4},"end":{"line":8,"column":null}},"loc":{"start":{"line":8,"column":4},"end":{"line":10,"column":5}}},"1":{"name":"(anonymous_1)","decl":{"start":{"line":12,"column":4},"end":{"line":12,"column":8}},"loc":{"start":{"line":12,"column":18},"end":{"line":14,"column":5}}}},"branchMap":{},"s":{"0":0,"1":0,"2":0,"3":0},"f":{"0":0,"1":0},"b":{}}
,"/home/dwarfie/projects/nimbus/backend/src/modules/file-system/file-system.module.ts": {"path":"/home/dwarfie/projects/nimbus/backend/src/modules/file-system/file-system.module.ts","statementMap":{"0":{"start":{"line":1,"column":0},"end":{"line":1,"column":40}},"1":{"start":{"line":2,"column":0},"end":{"line":2,"column":58}},"2":{"start":{"line":3,"column":0},"end":{"line":3,"column":55}},"3":{"start":{"line":18,"column":7},"end":{"line":18,"column":null}},"4":{"start":{"line":18,"column":13},"end":{"line":18,"column":30}},"5":{"start":{"line":18,"column":13},"end":{"line":18,"column":null}}},"fnMap":{},"branchMap":{},"s":{"0":0,"1":0,"2":0,"3":0,"4":0,"5":0},"f":{},"b":{}}
,"/home/dwarfie/projects/nimbus/backend/src/modules/file-system/file-system.service.ts": {"path":"/home/dwarfie/projects/nimbus/backend/src/modules/file-system/file-system.service.ts","statementMap":{"0":{"start":{"line":1,"column":0},"end":{"line":1,"column":52}},"1":{"start":{"line":2,"column":0},"end":{"line":2,"column":44}},"2":{"start":{"line":3,"column":0},"end":{"line":3,"column":34}},"3":{"start":{"line":4,"column":0},"end":{"line":4,"column":29}},"4":{"start":{"line":6,"column":0},"end":{"line":6,"column":29}},"5":{"start":{"line":7,"column":0},"end":{"line":7,"column":89}},"6":{"start":{"line":9,"column":0},"end":{"line":9,"column":66}},"7":{"start":{"line":21,"column":7},"end":{"line":133,"column":null}},"8":{"start":{"line":23,"column":43},"end":{"line":23,"column":58}},"9":{"start":{"line":27,"column":8},"end":{"line":34,"column":15}},"10":{"start":{"line":30,"column":16},"end":{"line":30,"column":76}},"11":{"start":{"line":33,"column":16},"end":{"line":33,"column":35}},"12":{"start":{"line":38,"column":8},"end":{"line":43,"column":null}},"13":{"start":{"line":39,"column":12},"end":{"line":39,"column":45}},"14":{"start":{"line":41,"column":12},"end":{"line":41,"column":27}},"15":{"start":{"line":42,"column":12},"end":{"line":42,"column":20}},"16":{"start":{"line":47,"column":8},"end":{"line":54,"column":15}},"17":{"start":{"line":50,"column":16},"end":{"line":50,"column":61}},"18":{"start":{"line":53,"column":16},"end":{"line":53,"column":35}},"19":{"start":{"line":61,"column":8},"end":{"line":69,"column":null}},"20":{"start":{"line":62,"column":12},"end":{"line":62,"column":98}},"21":{"start":{"line":64,"column":12},"end":{"line":66,"column":null}},"22":{"start":{"line":65,"column":16},"end":{"line":65,"column":28}},"23":{"start":{"line":68,"column":12},"end":{"line":68,"column":20}},"24":{"start":{"line":73,"column":8},"end":{"line":85,"column":null}},"25":{"start":{"line":74,"column":12},"end":{"line":74,"column":76}},"26":{"start":{"line":76,"column":12},"end":{"line":82,"column":null}},"27":{"start":{"line":77,"column":40},"end":{"line":77,"column":72}},"28":{"start":{"line":79,"column":16},"end":{"line":81,"column":null}},"29":{"start":{"line":80,"column":20},"end":{"line":80,"column":64}},"30":{"start":{"line":84,"column":12},"end":{"line":84,"column":20}},"31":{"start":{"line":89,"column":8},"end":{"line":101,"column":null}},"32":{"start":{"line":90,"column":12},"end":{"line":90,"column":38}},"33":{"start":{"line":92,"column":12},"end":{"line":98,"column":null}},"34":{"start":{"line":93,"column":40},"end":{"line":93,"column":72}},"35":{"start":{"line":95,"column":16},"end":{"line":97,"column":null}},"36":{"start":{"line":96,"column":20},"end":{"line":96,"column":64}},"37":{"start":{"line":100,"column":12},"end":{"line":100,"column":20}},"38":{"start":{"line":105,"column":8},"end":{"line":108,"column":32}},"39":{"start":{"line":107,"column":24},"end":{"line":107,"column":28}},"40":{"start":{"line":108,"column":25},"end":{"line":108,"column":30}},"41":{"start":{"line":113,"column":8},"end":{"line":113,"column":72}},"42":{"start":{"line":118,"column":8},"end":{"line":131,"column":null}},"43":{"start":{"line":119,"column":37},"end":{"line":119,"column":73}},"44":{"start":{"line":121,"column":12},"end":{"line":121,"column":65}},"45":{"start":{"line":121,"column":35},"end":{"line":121,"column":65}},"46":{"start":{"line":123,"column":25},"end":{"line":123,"column":69}},"47":{"start":{"line":124,"column":12},"end":{"line":124,"column":56}},"48":{"start":{"line":130,"column":12},"end":{"line":130,"column":20}},"49":{"start":{"line":21,"column":13},"end":{"line":21,"column":30}},"50":{"start":{"line":21,"column":13},"end":{"line":133,"column":null}}},"fnMap":{"0":{"name":"(anonymous_11)","decl":{"start":{"line":22,"column":4},"end":{"line":22,"column":null}},"loc":{"start":{"line":23,"column":75},"end":{"line":24,"column":9}}},"1":{"name":"(anonymous_12)","decl":{"start":{"line":26,"column":4},"end":{"line":26,"column":13}},"loc":{"start":{"line":26,"column":50},"end":{"line":35,"column":5}}},"2":{"name":"(anonymous_13)","decl":{"start":{"line":29,"column":18},"end":{"line":29,"column":21}},"loc":{"start":{"line":29,"column":23},"end":{"line":31,"column":13}}},"3":{"name":"(anonymous_14)","decl":{"start":{"line":32,"column":19},"end":{"line":32,"column":20}},"loc":{"start":{"line":32,"column":27},"end":{"line":34,"column":13}}},"4":{"name":"(anonymous_15)","decl":{"start":{"line":37,"column":4},"end":{"line":37,"column":9}},"loc":{"start":{"line":37,"column":41},"end":{"line":44,"column":5}}},"5":{"name":"(anonymous_16)","decl":{"start":{"line":46,"column":4},"end":{"line":46,"column":14}},"loc":{"start":{"line":46,"column":31},"end":{"line":55,"column":5}}},"6":{"name":"(anonymous_17)","decl":{"start":{"line":49,"column":18},"end":{"line":49,"column":21}},"loc":{"start":{"line":49,"column":23},"end":{"line":51,"column":13}}},"7":{"name":"(anonymous_18)","decl":{"start":{"line":52,"column":19},"end":{"line":52,"column":20}},"loc":{"start":{"line":52,"column":27},"end":{"line":54,"column":13}}},"8":{"name":"(anonymous_19)","decl":{"start":{"line":60,"column":4},"end":{"line":60,"column":9}},"loc":{"start":{"line":60,"column":52},"end":{"line":70,"column":5}}},"9":{"name":"(anonymous_20)","decl":{"start":{"line":72,"column":4},"end":{"line":72,"column":9}},"loc":{"start":{"line":72,"column":26},"end":{"line":86,"column":5}}},"10":{"name":"(anonymous_21)","decl":{"start":{"line":88,"column":4},"end":{"line":88,"column":9}},"loc":{"start":{"line":88,"column":49},"end":{"line":102,"column":5}}},"11":{"name":"(anonymous_22)","decl":{"start":{"line":104,"column":4},"end":{"line":104,"column":27}},"loc":{"start":{"line":104,"column":27},"end":{"line":109,"column":5}}},"12":{"name":"(anonymous_23)","decl":{"start":{"line":107,"column":18},"end":{"line":107,"column":21}},"loc":{"start":{"line":107,"column":24},"end":{"line":107,"column":28}}},"13":{"name":"(anonymous_24)","decl":{"start":{"line":108,"column":19},"end":{"line":108,"column":22}},"loc":{"start":{"line":108,"column":25},"end":{"line":108,"column":30}}},"14":{"name":"(anonymous_25)","decl":{"start":{"line":112,"column":4},"end":{"line":112,"column":35}},"loc":{"start":{"line":112,"column":52},"end":{"line":114,"column":5}}},"15":{"name":"(anonymous_26)","decl":{"start":{"line":117,"column":4},"end":{"line":117,"column":9}},"loc":{"start":{"line":117,"column":45},"end":{"line":132,"column":5}}}},"branchMap":{"0":{"loc":{"start":{"line":64,"column":12},"end":{"line":66,"column":null}},"type":"if","locations":[{"start":{"line":64,"column":12},"end":{"line":66,"column":null}}]},"1":{"loc":{"start":{"line":76,"column":12},"end":{"line":82,"column":null}},"type":"if","locations":[{"start":{"line":76,"column":12},"end":{"line":82,"column":null}}]},"2":{"loc":{"start":{"line":79,"column":16},"end":{"line":81,"column":null}},"type":"if","locations":[{"start":{"line":79,"column":16},"end":{"line":81,"column":null}}]},"3":{"loc":{"start":{"line":92,"column":12},"end":{"line":98,"column":null}},"type":"if","locations":[{"start":{"line":92,"column":12},"end":{"line":98,"column":null}}]},"4":{"loc":{"start":{"line":95,"column":16},"end":{"line":97,"column":null}},"type":"if","locations":[{"start":{"line":95,"column":16},"end":{"line":97,"column":null}}]},"5":{"loc":{"start":{"line":121,"column":12},"end":{"line":121,"column":65}},"type":"if","locations":[{"start":{"line":121,"column":12},"end":{"line":121,"column":65}}]}},"s":{"0":1,"1":1,"2":1,"3":1,"4":1,"5":1,"6":1,"7":1,"8":5,"9":0,"10":0,"11":0,"12":0,"13":0,"14":0,"15":0,"16":0,"17":0,"18":0,"19":1,"20":1,"21":0,"22":0,"23":0,"24":4,"25":4,"26":0,"27":0,"28":0,"29":0,"30":0,"31":3,"32":3,"33":0,"34":0,"35":0,"36":0,"37":0,"38":3,"39":2,"40":1,"41":3,"42":3,"43":3,"44":3,"45":1,"46":3,"47":3,"48":0,"49":1,"50":1},"f":{"0":5,"1":0,"2":0,"3":0,"4":0,"5":0,"6":0,"7":0,"8":1,"9":4,"10":3,"11":3,"12":2,"13":1,"14":3,"15":3},"b":{"0":[0],"1":[0],"2":[0],"3":[0],"4":[0],"5":[1]}}
,"/home/dwarfie/projects/nimbus/backend/src/modules/files/constants.ts": {"path":"/home/dwarfie/projects/nimbus/backend/src/modules/files/constants.ts","statementMap":{"0":{"start":{"line":1,"column":0},"end":{"line":1,"column":29}},"1":{"start":{"line":3,"column":13},"end":{"line":6,"column":2}}},"fnMap":{},"branchMap":{},"s":{"0":0,"1":0},"f":{},"b":{}}
,"/home/dwarfie/projects/nimbus/backend/src/modules/files/file.service.ts": {"path":"/home/dwarfie/projects/nimbus/backend/src/modules/files/file.service.ts","statementMap":{"0":{"start":{"line":1,"column":0},"end":{"line":1,"column":52}},"1":{"start":{"line":2,"column":0},"end":{"line":2,"column":29}},"2":{"start":{"line":3,"column":0},"end":{"line":3,"column":90}},"3":{"start":{"line":4,"column":0},"end":{"line":4,"column":71}},"4":{"start":{"line":5,"column":0},"end":{"line":5,"column":36}},"5":{"start":{"line":6,"column":0},"end":{"line":6,"column":43}},"6":{"start":{"line":21,"column":7},"end":{"line":97,"column":null}},"7":{"start":{"line":24,"column":16},"end":{"line":24,"column":38}},"8":{"start":{"line":25,"column":43},"end":{"line":25,"column":55}},"9":{"start":{"line":29,"column":8},"end":{"line":29,"column":55}},"10":{"start":{"line":39,"column":28},"end":{"line":39,"column":113}},"11":{"start":{"line":40,"column":31},"end":{"line":40,"column":55}},"12":{"start":{"line":41,"column":29},"end":{"line":41,"column":70}},"13":{"start":{"line":42,"column":8},"end":{"line":42,"column":60}},"14":{"start":{"line":46,"column":8},"end":{"line":62,"column":null}},"15":{"start":{"line":51,"column":25},"end":{"line":51,"column":76}},"16":{"start":{"line":52,"column":35},"end":{"line":52,"column":59}},"17":{"start":{"line":53,"column":33},"end":{"line":53,"column":67}},"18":{"start":{"line":55,"column":12},"end":{"line":55,"column":50}},"19":{"start":{"line":61,"column":12},"end":{"line":61,"column":27}},"20":{"start":{"line":66,"column":8},"end":{"line":75,"column":null}},"21":{"start":{"line":71,"column":25},"end":{"line":71,"column":76}},"22":{"start":{"line":72,"column":12},"end":{"line":72,"column":24}},"23":{"start":{"line":74,"column":12},"end":{"line":74,"column":27}},"24":{"start":{"line":79,"column":8},"end":{"line":95,"column":null}},"25":{"start":{"line":84,"column":37},"end":{"line":84,"column":87}},"26":{"start":{"line":85,"column":35},"end":{"line":85,"column":59}},"27":{"start":{"line":86,"column":33},"end":{"line":86,"column":62}},"28":{"start":{"line":87,"column":12},"end":{"line":87,"column":59}},"29":{"start":{"line":89,"column":12},"end":{"line":92,"column":14}},"30":{"start":{"line":94,"column":12},"end":{"line":94,"column":27}},"31":{"start":{"line":21,"column":13},"end":{"line":21,"column":24}},"32":{"start":{"line":21,"column":13},"end":{"line":97,"column":null}}},"fnMap":{"0":{"name":"(anonymous_5)","decl":{"start":{"line":22,"column":4},"end":{"line":22,"column":null}},"loc":{"start":{"line":25,"column":72},"end":{"line":26,"column":8}}},"1":{"name":"(anonymous_6)","decl":{"start":{"line":28,"column":12},"end":{"line":28,"column":23}},"loc":{"start":{"line":28,"column":42},"end":{"line":30,"column":5}}},"2":{"name":"(anonymous_7)","decl":{"start":{"line":32,"column":4},"end":{"line":32,"column":9}},"loc":{"start":{"line":37,"column":29},"end":{"line":43,"column":5}}},"3":{"name":"(anonymous_8)","decl":{"start":{"line":45,"column":4},"end":{"line":45,"column":9}},"loc":{"start":{"line":45,"column":58},"end":{"line":63,"column":5}}},"4":{"name":"(anonymous_9)","decl":{"start":{"line":65,"column":4},"end":{"line":65,"column":9}},"loc":{"start":{"line":65,"column":56},"end":{"line":76,"column":5}}},"5":{"name":"(anonymous_10)","decl":{"start":{"line":78,"column":4},"end":{"line":78,"column":9}},"loc":{"start":{"line":78,"column":51},"end":{"line":96,"column":5}}}},"branchMap":{},"s":{"0":0,"1":0,"2":0,"3":0,"4":0,"5":0,"6":0,"7":0,"8":0,"9":0,"10":0,"11":0,"12":0,"13":0,"14":0,"15":0,"16":0,"17":0,"18":0,"19":0,"20":0,"21":0,"22":0,"23":0,"24":0,"25":0,"26":0,"27":0,"28":0,"29":0,"30":0,"31":0,"32":0},"f":{"0":0,"1":0,"2":0,"3":0,"4":0,"5":0},"b":{}}
,"/home/dwarfie/projects/nimbus/backend/src/modules/files/files.controller.ts": {"path":"/home/dwarfie/projects/nimbus/backend/src/modules/files/files.controller.ts","statementMap":{"0":{"start":{"line":1,"column":0},"end":{"line":1,"column":null}},"1":{"start":{"line":16,"column":0},"end":{"line":16,"column":60}},"2":{"start":{"line":17,"column":0},"end":{"line":17,"column":69}},"3":{"start":{"line":18,"column":0},"end":{"line":18,"column":97}},"4":{"start":{"line":19,"column":0},"end":{"line":19,"column":113}},"5":{"start":{"line":20,"column":0},"end":{"line":20,"column":92}},"6":{"start":{"line":21,"column":0},"end":{"line":21,"column":71}},"7":{"start":{"line":23,"column":0},"end":{"line":23,"column":45}},"8":{"start":{"line":24,"column":0},"end":{"line":24,"column":82}},"9":{"start":{"line":25,"column":0},"end":{"line":25,"column":36}},"10":{"start":{"line":28,"column":0},"end":{"line":28,"column":13}},"11":{"start":{"line":36,"column":7},"end":{"line":275,"column":null}},"12":{"start":{"line":39,"column":16},"end":{"line":39,"column":41}},"13":{"start":{"line":40,"column":43},"end":{"line":40,"column":55}},"14":{"start":{"line":41,"column":37},"end":{"line":41,"column":50}},"15":{"start":{"line":42,"column":52},"end":{"line":42,"column":78}},"16":{"start":{"line":53,"column":47},"end":{"line":53,"column":62}},"17":{"start":{"line":54,"column":23},"end":{"line":54,"column":39}},"18":{"start":{"line":56,"column":30},"end":{"line":56,"column":117}},"19":{"start":{"line":58,"column":25},"end":{"line":58,"column":104}},"20":{"start":{"line":59,"column":29},"end":{"line":59,"column":93}},"21":{"start":{"line":61,"column":8},"end":{"line":64,"column":10}},"22":{"start":{"line":75,"column":34},"end":{"line":75,"column":49}},"23":{"start":{"line":76,"column":23},"end":{"line":76,"column":39}},"24":{"start":{"line":78,"column":30},"end":{"line":78,"column":102}},"25":{"start":{"line":80,"column":8},"end":{"line":82,"column":10}},"26":{"start":{"line":93,"column":31},"end":{"line":93,"column":46}},"27":{"start":{"line":94,"column":23},"end":{"line":94,"column":39}},"28":{"start":{"line":97,"column":8},"end":{"line":105,"column":null}},"29":{"start":{"line":99,"column":12},"end":{"line":99,"column":86}},"30":{"start":{"line":100,"column":36},"end":{"line":100,"column":80}},"31":{"start":{"line":103,"column":12},"end":{"line":103,"column":104}},"32":{"start":{"line":107,"column":8},"end":{"line":110,"column":10}},"33":{"start":{"line":125,"column":8},"end":{"line":169,"column":null}},"34":{"start":{"line":126,"column":12},"end":{"line":126,"column":null}},"35":{"start":{"line":128,"column":16},"end":{"line":128,"column":18}},"36":{"start":{"line":129,"column":27},"end":{"line":129,"column":43}},"37":{"start":{"line":131,"column":25},"end":{"line":131,"column":71}},"38":{"start":{"line":134,"column":29},"end":{"line":134,"column":100}},"39":{"start":{"line":135,"column":32},"end":{"line":135,"column":101}},"40":{"start":{"line":136,"column":33},"end":{"line":136,"column":97}},"41":{"start":{"line":137,"column":30},"end":{"line":137,"column":94}},"42":{"start":{"line":140,"column":27},"end":{"line":145,"column":14}},"43":{"start":{"line":147,"column":35},"end":{"line":147,"column":95}},"44":{"start":{"line":149,"column":12},"end":{"line":152,"column":15}},"45":{"start":{"line":157,"column":12},"end":{"line":162,"column":14}},"46":{"start":{"line":164,"column":12},"end":{"line":166,"column":null}},"47":{"start":{"line":165,"column":16},"end":{"line":165,"column":57}},"48":{"start":{"line":168,"column":12},"end":{"line":168,"column":68}},"49":{"start":{"line":179,"column":23},"end":{"line":179,"column":39}},"50":{"start":{"line":181,"column":27},"end":{"line":181,"column":87}},"51":{"start":{"line":183,"column":25},"end":{"line":183,"column":95}},"52":{"start":{"line":184,"column":8},"end":{"line":187,"column":10}},"53":{"start":{"line":202,"column":23},"end":{"line":202,"column":39}},"54":{"start":{"line":203,"column":29},"end":{"line":203,"column":42}},"55":{"start":{"line":205,"column":8},"end":{"line":214,"column":11}},"56":{"start":{"line":206,"column":61},"end":{"line":206,"column":65}},"57":{"start":{"line":207,"column":12},"end":{"line":213,"column":14}},"58":{"start":{"line":216,"column":30},"end":{"line":216,"column":88}},"59":{"start":{"line":217,"column":25},"end":{"line":217,"column":90}},"60":{"start":{"line":218,"column":28},"end":{"line":218,"column":91}},"61":{"start":{"line":220,"column":8},"end":{"line":224,"column":10}},"62":{"start":{"line":234,"column":23},"end":{"line":234,"column":39}},"63":{"start":{"line":236,"column":52},"end":{"line":236,"column":101}},"64":{"start":{"line":237,"column":30},"end":{"line":237,"column":88}},"65":{"start":{"line":238,"column":25},"end":{"line":238,"column":90}},"66":{"start":{"line":239,"column":28},"end":{"line":239,"column":91}},"67":{"start":{"line":241,"column":8},"end":{"line":245,"column":10}},"68":{"start":{"line":255,"column":23},"end":{"line":255,"column":39}},"69":{"start":{"line":257,"column":27},"end":{"line":257,"column":83}},"70":{"start":{"line":261,"column":8},"end":{"line":261,"column":46}},"71":{"start":{"line":271,"column":23},"end":{"line":271,"column":39}},"72":{"start":{"line":272,"column":25},"end":{"line":272,"column":79}},"73":{"start":{"line":273,"column":8},"end":{"line":273,"column":24}},"74":{"start":{"line":36,"column":13},"end":{"line":36,"column":28}},"75":{"start":{"line":52,"column":10},"end":{"line":65,"column":null}},"76":{"start":{"line":70,"column":10},"end":{"line":83,"column":null}},"77":{"start":{"line":88,"column":10},"end":{"line":111,"column":null}},"78":{"start":{"line":124,"column":10},"end":{"line":170,"column":null}},"79":{"start":{"line":178,"column":10},"end":{"line":188,"column":null}},"80":{"start":{"line":197,"column":10},"end":{"line":225,"column":null}},"81":{"start":{"line":233,"column":10},"end":{"line":246,"column":null}},"82":{"start":{"line":254,"column":10},"end":{"line":262,"column":null}},"83":{"start":{"line":270,"column":10},"end":{"line":274,"column":null}},"84":{"start":{"line":36,"column":13},"end":{"line":275,"column":null}}},"fnMap":{"0":{"name":"(anonymous_4)","decl":{"start":{"line":37,"column":4},"end":{"line":37,"column":null}},"loc":{"start":{"line":42,"column":78},"end":{"line":43,"column":9}}},"1":{"name":"(anonymous_5)","decl":{"start":{"line":52,"column":4},"end":{"line":52,"column":9}},"loc":{"start":{"line":52,"column":84},"end":{"line":65,"column":5}}},"2":{"name":"(anonymous_6)","decl":{"start":{"line":70,"column":4},"end":{"line":70,"column":9}},"loc":{"start":{"line":73,"column":43},"end":{"line":83,"column":5}}},"3":{"name":"(anonymous_7)","decl":{"start":{"line":88,"column":4},"end":{"line":88,"column":9}},"loc":{"start":{"line":91,"column":43},"end":{"line":111,"column":5}}},"4":{"name":"(anonymous_8)","decl":{"start":{"line":124,"column":4},"end":{"line":124,"column":9}},"loc":{"start":{"line":124,"column":72},"end":{"line":170,"column":5}}},"5":{"name":"(anonymous_9)","decl":{"start":{"line":178,"column":4},"end":{"line":178,"column":9}},"loc":{"start":{"line":178,"column":47},"end":{"line":188,"column":5}}},"6":{"name":"(anonymous_10)","decl":{"start":{"line":197,"column":4},"end":{"line":197,"column":9}},"loc":{"start":{"line":200,"column":27},"end":{"line":225,"column":5}}},"7":{"name":"(anonymous_11)","decl":{"start":{"line":205,"column":22},"end":{"line":205,"column":23}},"loc":{"start":{"line":205,"column":31},"end":{"line":214,"column":9}}},"8":{"name":"(anonymous_12)","decl":{"start":{"line":233,"column":4},"end":{"line":233,"column":9}},"loc":{"start":{"line":233,"column":73},"end":{"line":246,"column":5}}},"9":{"name":"(anonymous_13)","decl":{"start":{"line":254,"column":4},"end":{"line":254,"column":9}},"loc":{"start":{"line":254,"column":70},"end":{"line":262,"column":5}}},"10":{"name":"(anonymous_14)","decl":{"start":{"line":270,"column":4},"end":{"line":270,"column":9}},"loc":{"start":{"line":270,"column":74},"end":{"line":274,"column":5}}}},"branchMap":{"0":{"loc":{"start":{"line":97,"column":8},"end":{"line":105,"column":null}},"type":"if","locations":[{"start":{"line":97,"column":8},"end":{"line":105,"column":null}},{"start":{"line":101,"column":15},"end":{"line":105,"column":null}}]},"1":{"loc":{"start":{"line":164,"column":12},"end":{"line":166,"column":null}},"type":"if","locations":[{"start":{"line":164,"column":12},"end":{"line":166,"column":null}}]}},"s":{"0":0,"1":0,"2":0,"3":0,"4":0,"5":0,"6":0,"7":0,"8":0,"9":0,"10":0,"11":0,"12":0,"13":0,"14":0,"15":0,"16":0,"17":0,"18":0,"19":0,"20":0,"21":0,"22":0,"23":0,"24":0,"25":0,"26":0,"27":0,"28":0,"29":0,"30":0,"31":0,"32":0,"33":0,"34":0,"35":0,"36":0,"37":0,"38":0,"39":0,"40":0,"41":0,"42":0,"43":0,"44":0,"45":0,"46":0,"47":0,"48":0,"49":0,"50":0,"51":0,"52":0,"53":0,"54":0,"55":0,"56":0,"57":0,"58":0,"59":0,"60":0,"61":0,"62":0,"63":0,"64":0,"65":0,"66":0,"67":0,"68":0,"69":0,"70":0,"71":0,"72":0,"73":0,"74":0,"75":0,"76":0,"77":0,"78":0,"79":0,"80":0,"81":0,"82":0,"83":0,"84":0},"f":{"0":0,"1":0,"2":0,"3":0,"4":0,"5":0,"6":0,"7":0,"8":0,"9":0,"10":0},"b":{"0":[0,0],"1":[0]}}
,"/home/dwarfie/projects/nimbus/backend/src/modules/files/files.module.ts": {"path":"/home/dwarfie/projects/nimbus/backend/src/modules/files/files.module.ts","statementMap":{"0":{"start":{"line":1,"column":0},"end":{"line":1,"column":40}},"1":{"start":{"line":2,"column":0},"end":{"line":2,"column":49}},"2":{"start":{"line":3,"column":0},"end":{"line":3,"column":79}},"3":{"start":{"line":4,"column":0},"end":{"line":4,"column":70}},"4":{"start":{"line":5,"column":0},"end":{"line":5,"column":51}},"5":{"start":{"line":6,"column":0},"end":{"line":6,"column":45}},"6":{"start":{"line":7,"column":0},"end":{"line":7,"column":53}},"7":{"start":{"line":15,"column":7},"end":{"line":15,"column":null}},"8":{"start":{"line":15,"column":13},"end":{"line":15,"column":24}},"9":{"start":{"line":15,"column":13},"end":{"line":15,"column":null}}},"fnMap":{},"branchMap":{},"s":{"0":0,"1":0,"2":0,"3":0,"4":0,"5":0,"6":0,"7":0,"8":0,"9":0},"f":{},"b":{}}
,"/home/dwarfie/projects/nimbus/backend/src/modules/user/users.module.ts": {"path":"/home/dwarfie/projects/nimbus/backend/src/modules/user/users.module.ts","statementMap":{"0":{"start":{"line":1,"column":0},"end":{"line":1,"column":40}},"1":{"start":{"line":3,"column":0},"end":{"line":3,"column":65}},"2":{"start":{"line":5,"column":0},"end":{"line":5,"column":73}},"3":{"start":{"line":12,"column":7},"end":{"line":12,"column":null}},"4":{"start":{"line":12,"column":13},"end":{"line":12,"column":24}},"5":{"start":{"line":12,"column":13},"end":{"line":12,"column":null}}},"fnMap":{},"branchMap":{},"s":{"0":0,"1":0,"2":0,"3":0,"4":0,"5":0},"f":{},"b":{}}
,"/home/dwarfie/projects/nimbus/backend/src/modules/user/controllers/users.controller.ts": {"path":"/home/dwarfie/projects/nimbus/backend/src/modules/user/controllers/users.controller.ts","statementMap":{"0":{"start":{"line":1,"column":0},"end":{"line":1,"column":44}},"1":{"start":{"line":4,"column":7},"end":{"line":4,"column":null}},"2":{"start":{"line":4,"column":13},"end":{"line":4,"column":28}},"3":{"start":{"line":4,"column":13},"end":{"line":4,"column":null}}},"fnMap":{},"branchMap":{},"s":{"0":0,"1":0,"2":0,"3":0},"f":{},"b":{}}
,"/home/dwarfie/projects/nimbus/backend/src/modules/user/models/User.ts": {"path":"/home/dwarfie/projects/nimbus/backend/src/modules/user/models/User.ts","statementMap":{"0":{"start":{"line":1,"column":0},"end":{"line":1,"column":36}},"1":{"start":{"line":14,"column":8},"end":{"line":14,"column":27}},"2":{"start":{"line":15,"column":8},"end":{"line":15,"column":50}},"3":{"start":{"line":16,"column":8},"end":{"line":16,"column":50}},"4":{"start":{"line":8,"column":0},"end":{"line":8,"column":13}}},"fnMap":{"0":{"name":"(anonymous_0)","decl":{"start":{"line":13,"column":4},"end":{"line":13,"column":16}},"loc":{"start":{"line":13,"column":51},"end":{"line":17,"column":5}}}},"branchMap":{},"s":{"0":0,"1":0,"2":0,"3":0,"4":0},"f":{"0":0},"b":{}}
,"/home/dwarfie/projects/nimbus/backend/src/modules/user/services/mock.users.service.ts": {"path":"/home/dwarfie/projects/nimbus/backend/src/modules/user/services/mock.users.service.ts","statementMap":{"0":{"start":{"line":1,"column":0},"end":{"line":1,"column":69}},"1":{"start":{"line":2,"column":0},"end":{"line":2,"column":38}},"2":{"start":{"line":4,"column":13},"end":{"line":7,"column":2}},"3":{"start":{"line":15,"column":7},"end":{"line":34,"column":null}},"4":{"start":{"line":17,"column":8},"end":{"line":17,"column":78}},"5":{"start":{"line":17,"column":50},"end":{"line":17,"column":76}},"6":{"start":{"line":21,"column":8},"end":{"line":21,"column":44}},"7":{"start":{"line":25,"column":21},"end":{"line":25,"column":53}},"8":{"start":{"line":26,"column":8},"end":{"line":26,"column":39}},"9":{"start":{"line":27,"column":8},"end":{"line":27,"column":20}},"10":{"start":{"line":31,"column":21},"end":{"line":31,"column":86}},"11":{"start":{"line":31,"column":56},"end":{"line":31,"column":85}},"12":{"start":{"line":32,"column":8},"end":{"line":32,"column":20}},"13":{"start":{"line":15,"column":13},"end":{"line":15,"column":29}},"14":{"start":{"line":15,"column":13},"end":{"line":34,"column":null}}},"fnMap":{"0":{"name":"(anonymous_1)","decl":{"start":{"line":16,"column":4},"end":{"line":16,"column":9}},"loc":{"start":{"line":16,"column":34},"end":{"line":18,"column":5}}},"1":{"name":"(anonymous_2)","decl":{"start":{"line":17,"column":40},"end":{"line":17,"column":41}},"loc":{"start":{"line":17,"column":50},"end":{"line":17,"column":76}}},"2":{"name":"(anonymous_3)","decl":{"start":{"line":20,"column":4},"end":{"line":20,"column":9}},"loc":{"start":{"line":20,"column":17},"end":{"line":22,"column":5}}},"3":{"name":"(anonymous_4)","decl":{"start":{"line":24,"column":4},"end":{"line":24,"column":9}},"loc":{"start":{"line":24,"column":57},"end":{"line":28,"column":5}}},"4":{"name":"(anonymous_5)","decl":{"start":{"line":30,"column":4},"end":{"line":30,"column":9}},"loc":{"start":{"line":30,"column":39},"end":{"line":33,"column":5}}},"5":{"name":"(anonymous_6)","decl":{"start":{"line":31,"column":46},"end":{"line":31,"column":47}},"loc":{"start":{"line":31,"column":56},"end":{"line":31,"column":85}}}},"branchMap":{},"s":{"0":0,"1":0,"2":0,"3":0,"4":0,"5":0,"6":0,"7":0,"8":0,"9":0,"10":0,"11":0,"12":0,"13":0,"14":0},"f":{"0":0,"1":0,"2":0,"3":0,"4":0,"5":0},"b":{}}
,"/home/dwarfie/projects/nimbus/backend/src/modules/user/services/users.service.ts": {"path":"/home/dwarfie/projects/nimbus/backend/src/modules/user/services/users.service.ts","statementMap":{"0":{"start":{"line":1,"column":0},"end":{"line":1,"column":69}},"1":{"start":{"line":3,"column":0},"end":{"line":3,"column":99}},"2":{"start":{"line":4,"column":0},"end":{"line":4,"column":36}},"3":{"start":{"line":6,"column":0},"end":{"line":6,"column":87}},"4":{"start":{"line":28,"column":7},"end":{"line":93,"column":null}},"5":{"start":{"line":30,"column":31},"end":{"line":30,"column":51}},"6":{"start":{"line":32,"column":21},"end":{"line":36,"column":10}},"7":{"start":{"line":38,"column":8},"end":{"line":38,"column":20}},"8":{"start":{"line":42,"column":8},"end":{"line":42,"column":44}},"9":{"start":{"line":46,"column":8},"end":{"line":73,"column":null}},"10":{"start":{"line":47,"column":35},"end":{"line":47,"column":55}},"11":{"start":{"line":49,"column":25},"end":{"line":53,"column":14}},"12":{"start":{"line":55,"column":28},"end":{"line":62,"column":14}},"13":{"start":{"line":64,"column":12},"end":{"line":64,"column":27}},"14":{"start":{"line":66,"column":12},"end":{"line":70,"column":null}},"15":{"start":{"line":67,"column":16},"end":{"line":69,"column":null}},"16":{"start":{"line":68,"column":20},"end":{"line":68,"column":70}},"17":{"start":{"line":72,"column":12},"end":{"line":72,"column":20}},"18":{"start":{"line":83,"column":31},"end":{"line":83,"column":51}},"19":{"start":{"line":85,"column":21},"end":{"line":89,"column":10}},"20":{"start":{"line":91,"column":8},"end":{"line":91,"column":20}},"21":{"start":{"line":28,"column":13},"end":{"line":28,"column":25}},"22":{"start":{"line":28,"column":13},"end":{"line":93,"column":null}}},"fnMap":{"0":{"name":"(anonymous_1)","decl":{"start":{"line":29,"column":4},"end":{"line":29,"column":9}},"loc":{"start":{"line":29,"column":34},"end":{"line":39,"column":5}}},"1":{"name":"(anonymous_2)","decl":{"start":{"line":41,"column":4},"end":{"line":41,"column":9}},"loc":{"start":{"line":41,"column":17},"end":{"line":43,"column":5}}},"2":{"name":"(anonymous_3)","decl":{"start":{"line":45,"column":4},"end":{"line":45,"column":9}},"loc":{"start":{"line":45,"column":57},"end":{"line":74,"column":5}}},"3":{"name":"(anonymous_4)","decl":{"start":{"line":76,"column":4},"end":{"line":76,"column":9}},"loc":{"start":{"line":76,"column":39},"end":{"line":92,"column":5}}}},"branchMap":{"0":{"loc":{"start":{"line":66,"column":12},"end":{"line":70,"column":null}},"type":"if","locations":[{"start":{"line":66,"column":12},"end":{"line":70,"column":null}}]},"1":{"loc":{"start":{"line":67,"column":16},"end":{"line":69,"column":null}},"type":"if","locations":[{"start":{"line":67,"column":16},"end":{"line":69,"column":null}}]}},"s":{"0":0,"1":0,"2":0,"3":0,"4":0,"5":0,"6":0,"7":0,"8":0,"9":0,"10":0,"11":0,"12":0,"13":0,"14":0,"15":0,"16":0,"17":0,"18":0,"19":0,"20":0,"21":0,"22":0},"f":{"0":0,"1":0,"2":0,"3":0},"b":{"0":[0],"1":[0]}}
,"/home/dwarfie/projects/nimbus/backend/src/types/api/request.ts": {"path":"/home/dwarfie/projects/nimbus/backend/src/types/api/request.ts","statementMap":{"0":{"start":{"line":1,"column":0},"end":{"line":1,"column":46}},"1":{"start":{"line":3,"column":0},"end":{"line":3,"column":13}},"2":{"start":{"line":5,"column":4},"end":{"line":5,"column":null}},"3":{"start":{"line":8,"column":4},"end":{"line":8,"column":null}},"4":{"start":{"line":12,"column":0},"end":{"line":12,"column":13}},"5":{"start":{"line":14,"column":4},"end":{"line":14,"column":null}},"6":{"start":{"line":17,"column":4},"end":{"line":17,"column":null}},"7":{"start":{"line":20,"column":0},"end":{"line":20,"column":13}},"8":{"start":{"line":22,"column":4},"end":{"line":22,"column":null}},"9":{"start":{"line":25,"column":0},"end":{"line":25,"column":13}},"10":{"start":{"line":27,"column":4},"end":{"line":27,"column":null}},"11":{"start":{"line":30,"column":0},"end":{"line":30,"column":13}},"12":{"start":{"line":32,"column":4},"end":{"line":32,"column":null}},"13":{"start":{"line":35,"column":4},"end":{"line":35,"column":null}}},"fnMap":{},"branchMap":{},"s":{"0":0,"1":0,"2":0,"3":0,"4":0,"5":0,"6":0,"7":0,"8":0,"9":0,"10":0,"11":0,"12":0,"13":0},"f":{},"b":{}}
,"/home/dwarfie/projects/nimbus/backend/src/types/api/response.ts": {"path":"/home/dwarfie/projects/nimbus/backend/src/types/api/response.ts","statementMap":{"0":{"start":{"line":1,"column":0},"end":{"line":1,"column":46}},"1":{"start":{"line":10,"column":0},"end":{"line":10,"column":13}},"2":{"start":{"line":12,"column":4},"end":{"line":12,"column":null}},"3":{"start":{"line":15,"column":4},"end":{"line":15,"column":null}},"4":{"start":{"line":18,"column":4},"end":{"line":18,"column":null}},"5":{"start":{"line":21,"column":4},"end":{"line":21,"column":null}},"6":{"start":{"line":24,"column":0},"end":{"line":24,"column":13}},"7":{"start":{"line":26,"column":4},"end":{"line":26,"column":null}},"8":{"start":{"line":29,"column":4},"end":{"line":29,"column":null}},"9":{"start":{"line":36,"column":0},"end":{"line":36,"column":13}},"10":{"start":{"line":38,"column":4},"end":{"line":38,"column":null}},"11":{"start":{"line":40,"column":4},"end":{"line":40,"column":null}},"12":{"start":{"line":42,"column":4},"end":{"line":42,"column":null}},"13":{"start":{"line":44,"column":4},"end":{"line":44,"column":null}},"14":{"start":{"line":46,"column":4},"end":{"line":46,"column":null}},"15":{"start":{"line":49,"column":0},"end":{"line":49,"column":13}},"16":{"start":{"line":59,"column":4},"end":{"line":59,"column":null}},"17":{"start":{"line":80,"column":4},"end":{"line":80,"column":null}},"18":{"start":{"line":103,"column":4},"end":{"line":103,"column":null}},"19":{"start":{"line":109,"column":4},"end":{"line":109,"column":null}},"20":{"start":{"line":112,"column":0},"end":{"line":112,"column":13}},"21":{"start":{"line":122,"column":4},"end":{"line":122,"column":null}},"22":{"start":{"line":143,"column":4},"end":{"line":143,"column":null}},"23":{"start":{"line":166,"column":4},"end":{"line":166,"column":null}},"24":{"start":{"line":172,"column":4},"end":{"line":172,"column":null}}},"fnMap":{},"branchMap":{},"s":{"0":0,"1":0,"2":0,"3":0,"4":0,"5":0,"6":0,"7":0,"8":0,"9":0,"10":0,"11":0,"12":0,"13":0,"14":0,"15":0,"16":0,"17":0,"18":0,"19":0,"20":0,"21":0,"22":0,"23":0,"24":0},"f":{},"b":{}}
}
