TN:
SF:src/main.ts
FN:7,bootstrap
FNF:1
FNH:0
FNDA:0,bootstrap
DA:1,0
DA:2,0
DA:3,0
DA:4,0
DA:5,0
DA:8,0
DA:9,0
DA:12,0
DA:16,0
DA:21,0
DA:22,0
DA:24,0
DA:26,0
DA:28,0
LF:14
LH:0
BRF:0
BRH:0
end_of_record
TN:
SF:src/dependencies/providers.ts
FNF:0
FNH:0
DA:1,0
DA:2,0
DA:4,0
DA:9,0
DA:14,0
LF:5
LH:0
BRF:0
BRH:0
end_of_record
TN:
SF:src/modules/app/app.module.ts
FNF:0
FNH:0
DA:1,0
DA:2,0
DA:3,0
DA:4,0
DA:5,0
DA:6,0
DA:7,0
DA:8,0
DA:21,0
LF:9
LH:0
BRF:0
BRH:0
end_of_record
TN:
SF:src/modules/app-service/app-service.module.ts
FNF:0
FNH:0
DA:1,0
DA:2,0
DA:7,0
LF:3
LH:0
BRF:0
BRH:0
end_of_record
TN:
SF:src/modules/app-service/controllers/app-service.controller.ts
FN:13,(anonymous_2)
FNF:1
FNH:0
FNDA:0,(anonymous_2)
DA:1,0
DA:2,0
DA:3,0
DA:8,0
DA:13,0
DA:14,0
LF:6
LH:0
BRF:0
BRH:0
end_of_record
TN:
SF:src/modules/auth/auth.module.ts
FNF:0
FNH:0
DA:1,0
DA:2,0
DA:3,0
DA:4,0
DA:5,0
DA:6,0
DA:7,0
DA:8,0
DA:9,0
DA:10,0
DA:32,0
LF:11
LH:0
BRF:0
BRH:0
end_of_record
TN:
SF:src/modules/auth/controllers/auth.controller.ts
FN:30,(anonymous_4)
FN:52,(anonymous_5)
FN:73,(anonymous_6)
FN:98,(anonymous_7)
FNF:4
FNH:0
FNDA:0,(anonymous_4)
FNDA:0,(anonymous_5)
FNDA:0,(anonymous_6)
FNDA:0,(anonymous_7)
DA:1,0
DA:2,0
DA:3,0
DA:4,0
DA:5,0
DA:6,0
DA:8,0
DA:9,0
DA:29,0
DA:30,0
DA:52,0
DA:53,0
DA:54,0
DA:58,0
DA:73,0
DA:74,0
DA:75,0
DA:98,0
DA:99,0
DA:100,0
DA:101,0
DA:106,0
DA:108,0
DA:109,0
DA:110,0
DA:111,0
DA:112,0
DA:114,0
LF:28
LH:0
BRDA:109,0,0,0
BRDA:109,0,1,0
BRDA:111,1,0,0
BRDA:111,1,1,0
BRF:4
BRH:0
end_of_record
TN:
SF:src/modules/auth/services/auth.decorator.ts
FN:4,(anonymous_0)
FNF:1
FNH:0
FNDA:0,(anonymous_0)
DA:1,0
DA:3,0
DA:4,0
LF:3
LH:0
BRF:0
BRH:0
end_of_record
TN:
SF:src/modules/auth/services/auth.guard.ts
FN:9,(anonymous_2)
FN:14,(anonymous_3)
FN:47,(anonymous_4)
FN:52,(anonymous_5)
FNF:4
FNH:0
FNDA:0,(anonymous_2)
FNDA:0,(anonymous_3)
FNDA:0,(anonymous_4)
FNDA:0,(anonymous_5)
DA:1,0
DA:2,0
DA:3,0
DA:5,0
DA:6,0
DA:8,0
DA:10,0
DA:11,0
DA:15,0
DA:20,0
DA:21,0
DA:24,0
DA:27,0
DA:31,0
DA:32,0
DA:35,0
DA:36,0
DA:40,0
DA:42,0
DA:44,0
DA:48,0
DA:49,0
DA:53,0
DA:55,0
LF:24
LH:0
BRDA:20,0,0,0
BRDA:31,1,0,0
BRDA:48,2,0,0
BRDA:48,2,1,0
BRDA:49,3,0,0
BRDA:49,3,1,0
BRF:6
BRH:0
end_of_record
TN:
SF:src/modules/auth/services/auth.service.ts
FN:19,(anonymous_4)
FN:27,(anonymous_5)
FN:60,(anonymous_6)
FN:76,(anonymous_7)
FNF:4
FNH:0
FNDA:0,(anonymous_4)
FNDA:0,(anonymous_5)
FNDA:0,(anonymous_6)
FNDA:0,(anonymous_7)
DA:2,0
DA:3,0
DA:4,0
DA:5,0
DA:6,0
DA:7,0
DA:8,0
DA:9,0
DA:18,0
DA:20,0
DA:22,0
DA:23,0
DA:24,0
DA:28,0
DA:29,0
DA:34,0
DA:39,0
DA:43,0
DA:44,0
DA:46,0
DA:48,0
DA:49,0
DA:50,0
DA:52,0
DA:53,0
DA:56,0
DA:61,0
DA:63,0
DA:64,0
DA:67,0
DA:69,0
DA:73,0
DA:77,0
DA:78,0
DA:79,0
LF:35
LH:0
BRDA:48,0,0,0
BRDA:48,0,1,0
BRDA:49,1,0,0
BRDA:52,2,0,0
BRDA:63,3,0,0
BRF:5
BRH:0
end_of_record
TN:
SF:src/modules/auth/services/constants.ts
FNF:0
FNH:0
DA:1,0
LF:1
LH:0
BRF:0
BRH:0
end_of_record
TN:
SF:src/modules/config/config.module.ts
FNF:0
FNH:0
DA:1,1
DA:3,1
DA:4,1
DA:10,1
LF:4
LH:4
BRF:0
BRH:0
end_of_record
TN:
SF:src/modules/config/dev.config.service.ts
FN:18,(anonymous_3)
FN:20,(anonymous_4)
FNF:2
FNH:1
FNDA:5,(anonymous_3)
FNDA:0,(anonymous_4)
DA:2,1
DA:10,1
DA:17,1
DA:21,0
LF:4
LH:3
BRF:0
BRH:0
end_of_record
TN:
SF:src/modules/config/test.config.service.ts
FN:16,(anonymous_3)
FN:18,(anonymous_4)
FNF:2
FNH:2
FNDA:10,(anonymous_3)
FNDA:18,(anonymous_4)
DA:2,1
DA:10,1
DA:15,1
DA:19,18
LF:4
LH:4
BRF:0
BRH:0
end_of_record
TN:
SF:src/modules/errors/ErrorUniqueConstaint.ts
FN:5,(anonymous_0)
FNF:1
FNH:0
FNDA:0,(anonymous_0)
DA:1,0
DA:6,0
DA:8,0
DA:9,0
LF:4
LH:0
BRF:0
BRH:0
end_of_record
TN:
SF:src/modules/errors/ErrorUserRegister.ts
FN:3,(anonymous_0)
FNF:1
FNH:0
FNDA:0,(anonymous_0)
DA:1,0
DA:4,0
DA:6,0
LF:3
LH:0
BRDA:6,0,0,0
BRDA:6,0,1,0
BRF:2
BRH:0
end_of_record
TN:
SF:src/modules/errors/ErrorUserRegisterEndpoint.ts
FN:3,(anonymous_0)
FNF:1
FNH:0
FNDA:0,(anonymous_0)
DA:1,0
DA:4,0
DA:6,0
LF:3
LH:0
BRDA:6,0,0,0
BRDA:6,0,1,0
BRF:2
BRH:0
end_of_record
TN:
SF:src/modules/errors/SystemError.ts
FN:3,(anonymous_0)
FNF:1
FNH:0
FNDA:0,(anonymous_0)
DA:1,0
DA:4,0
DA:6,0
LF:3
LH:0
BRDA:6,0,0,0
BRDA:6,0,1,0
BRF:2
BRH:0
end_of_record
TN:
SF:src/modules/errors/db/DbFileRecordDoesNotExistError.ts
FN:4,(anonymous_0)
FNF:1
FNH:0
FNDA:0,(anonymous_0)
DA:1,0
DA:5,0
DA:7,0
LF:3
LH:0
BRDA:7,0,0,0
BRDA:7,0,1,0
BRF:2
BRH:0
end_of_record
TN:
SF:src/modules/errors/logic/CannotCreateRootFolder.ts
FN:4,(anonymous_0)
FNF:1
FNH:0
FNDA:0,(anonymous_0)
DA:1,1
DA:5,0
DA:7,0
LF:3
LH:1
BRDA:7,0,0,0
BRDA:7,0,1,0
BRF:2
BRH:0
end_of_record
TN:
SF:src/modules/errors/logic/CannotFullfillRequest.ts
FN:6,(anonymous_0)
FNF:1
FNH:0
FNDA:0,(anonymous_0)
DA:4,0
DA:7,0
DA:9,0
LF:3
LH:0
BRDA:9,0,0,0
BRDA:9,0,1,0
BRF:2
BRH:0
end_of_record
TN:
SF:src/modules/errors/logic/GenericServerError.ts
FN:3,(anonymous_0)
FNF:1
FNH:0
FNDA:0,(anonymous_0)
DA:1,0
DA:4,0
DA:6,0
LF:3
LH:0
BRDA:6,0,0,0
BRDA:6,0,1,0
BRF:2
BRH:0
end_of_record
TN:
SF:src/modules/errors/logic/NoFolderWithThisIdError.ts
FN:4,(anonymous_0)
FNF:1
FNH:0
FNDA:0,(anonymous_0)
DA:1,0
DA:5,0
DA:7,0
LF:3
LH:0
BRDA:7,0,0,0
BRDA:7,0,1,0
BRF:2
BRH:0
end_of_record
TN:
SF:src/modules/errors/system/NoDirectoryFound.ts
FN:5,(anonymous_0)
FNF:1
FNH:0
FNDA:0,(anonymous_0)
DA:1,0
DA:3,0
DA:6,0
DA:8,0
LF:4
LH:0
BRDA:8,0,0,0
BRDA:8,0,1,0
BRF:2
BRH:0
end_of_record
TN:
SF:src/modules/file-structure/file-structure.module.ts
FNF:0
FNH:0
DA:1,0
DA:3,0
DA:10,0
LF:3
LH:0
BRF:0
BRH:0
end_of_record
TN:
SF:src/modules/file-structure/file-structure.service.ts
FN:37,(anonymous_2)
FN:41,(anonymous_3)
FN:66,(anonymous_4)
FN:104,(anonymous_5)
FN:114,(anonymous_6)
FN:127,(anonymous_7)
FN:147,(anonymous_8)
FN:177,(anonymous_9)
FN:190,(anonymous_10)
FN:200,(anonymous_11)
FN:210,(anonymous_12)
FN:241,(anonymous_13)
FN:256,(anonymous_14)
FN:272,(anonymous_15)
FN:284,(anonymous_16)
FNF:15
FNH:0
FNDA:0,(anonymous_2)
FNDA:0,(anonymous_3)
FNDA:0,(anonymous_4)
FNDA:0,(anonymous_5)
FNDA:0,(anonymous_6)
FNDA:0,(anonymous_7)
FNDA:0,(anonymous_8)
FNDA:0,(anonymous_9)
FNDA:0,(anonymous_10)
FNDA:0,(anonymous_11)
FNDA:0,(anonymous_12)
FNDA:0,(anonymous_13)
FNDA:0,(anonymous_14)
FNDA:0,(anonymous_15)
FNDA:0,(anonymous_16)
DA:1,0
DA:2,0
DA:3,0
DA:4,0
DA:5,0
DA:34,0
DA:38,0
DA:42,0
DA:43,0
DA:45,0
DA:46,0
DA:47,0
DA:50,0
DA:51,0
DA:52,0
DA:54,0
DA:66,0
DA:67,0
DA:74,0
DA:76,0
DA:78,0
DA:84,0
DA:85,0
DA:87,0
DA:88,0
DA:89,0
DA:91,0
DA:93,0
DA:96,0
DA:97,0
DA:100,0
DA:105,0
DA:107,0
DA:115,0
DA:117,0
DA:128,0
DA:129,0
DA:131,0
DA:137,0
DA:138,0
DA:139,0
DA:143,0
DA:148,0
DA:149,0
DA:151,0
DA:161,0
DA:162,0
DA:163,0
DA:167,0
DA:178,0
DA:180,0
DA:191,0
DA:193,0
DA:201,0
DA:203,0
DA:211,0
DA:212,0
DA:214,0
DA:227,0
DA:228,0
DA:229,0
DA:232,0
DA:234,0
DA:235,0
DA:236,0
DA:242,0
DA:244,0
DA:253,0
DA:257,0
DA:259,0
DA:269,0
DA:273,0
DA:275,0
DA:281,0
DA:285,0
DA:287,0
DA:293,0
LF:77
LH:0
BRDA:46,0,0,0
BRDA:76,1,0,0
BRDA:87,2,0,0
BRDA:88,3,0,0
BRDA:91,4,0,0
BRDA:96,5,0,0
BRDA:137,6,0,0
BRDA:138,7,0,0
BRDA:161,8,0,0
BRDA:162,9,0,0
BRDA:228,10,0,0
BRF:11
BRH:0
end_of_record
TN:
SF:src/modules/file-structure/mongo-connection.ts
FN:8,(anonymous_0)
FN:12,(anonymous_1)
FNF:2
FNH:0
FNDA:0,(anonymous_0)
FNDA:0,(anonymous_1)
DA:2,0
DA:4,0
DA:9,0
DA:13,0
LF:4
LH:0
BRF:0
BRH:0
end_of_record
TN:
SF:src/modules/file-system/file-system.module.ts
FNF:0
FNH:0
DA:1,0
DA:2,0
DA:3,0
DA:18,0
LF:4
LH:0
BRF:0
BRH:0
end_of_record
TN:
SF:src/modules/file-system/file-system.service.ts
FN:22,(anonymous_11)
FN:26,(anonymous_12)
FN:29,(anonymous_13)
FN:32,(anonymous_14)
FN:37,(anonymous_15)
FN:46,(anonymous_16)
FN:49,(anonymous_17)
FN:52,(anonymous_18)
FN:60,(anonymous_19)
FN:72,(anonymous_20)
FN:88,(anonymous_21)
FN:104,(anonymous_22)
FN:107,(anonymous_23)
FN:108,(anonymous_24)
FN:112,(anonymous_25)
FN:117,(anonymous_26)
FNF:16
FNH:9
FNDA:5,(anonymous_11)
FNDA:0,(anonymous_12)
FNDA:0,(anonymous_13)
FNDA:0,(anonymous_14)
FNDA:0,(anonymous_15)
FNDA:0,(anonymous_16)
FNDA:0,(anonymous_17)
FNDA:0,(anonymous_18)
FNDA:1,(anonymous_19)
FNDA:4,(anonymous_20)
FNDA:3,(anonymous_21)
FNDA:3,(anonymous_22)
FNDA:2,(anonymous_23)
FNDA:1,(anonymous_24)
FNDA:3,(anonymous_25)
FNDA:3,(anonymous_26)
DA:1,1
DA:2,1
DA:3,1
DA:4,1
DA:6,1
DA:7,1
DA:9,1
DA:21,1
DA:23,5
DA:27,0
DA:30,0
DA:33,0
DA:38,0
DA:39,0
DA:41,0
DA:42,0
DA:47,0
DA:50,0
DA:53,0
DA:61,1
DA:62,1
DA:64,0
DA:65,0
DA:68,0
DA:73,4
DA:74,4
DA:76,0
DA:77,0
DA:79,0
DA:80,0
DA:84,0
DA:89,3
DA:90,3
DA:92,0
DA:93,0
DA:95,0
DA:96,0
DA:100,0
DA:105,3
DA:107,2
DA:108,1
DA:113,3
DA:118,3
DA:119,3
DA:121,3
DA:123,3
DA:124,3
DA:130,0
LF:48
LH:24
BRDA:64,0,0,0
BRDA:76,1,0,0
BRDA:79,2,0,0
BRDA:92,3,0,0
BRDA:95,4,0,0
BRDA:121,5,0,1
BRF:6
BRH:1
end_of_record
TN:
SF:src/modules/files/constants.ts
FNF:0
FNH:0
DA:1,0
DA:3,0
LF:2
LH:0
BRF:0
BRH:0
end_of_record
TN:
SF:src/modules/files/file.service.ts
FN:22,(anonymous_5)
FN:28,(anonymous_6)
FN:32,(anonymous_7)
FN:45,(anonymous_8)
FN:65,(anonymous_9)
FN:78,(anonymous_10)
FNF:6
FNH:0
FNDA:0,(anonymous_5)
FNDA:0,(anonymous_6)
FNDA:0,(anonymous_7)
FNDA:0,(anonymous_8)
FNDA:0,(anonymous_9)
FNDA:0,(anonymous_10)
DA:1,0
DA:2,0
DA:3,0
DA:4,0
DA:5,0
DA:6,0
DA:21,0
DA:24,0
DA:25,0
DA:29,0
DA:39,0
DA:40,0
DA:41,0
DA:42,0
DA:46,0
DA:51,0
DA:52,0
DA:53,0
DA:55,0
DA:61,0
DA:66,0
DA:71,0
DA:72,0
DA:74,0
DA:79,0
DA:84,0
DA:85,0
DA:86,0
DA:87,0
DA:89,0
DA:94,0
LF:31
LH:0
BRF:0
BRH:0
end_of_record
TN:
SF:src/modules/files/files.controller.ts
FN:37,(anonymous_4)
FN:52,(anonymous_5)
FN:70,(anonymous_6)
FN:88,(anonymous_7)
FN:124,(anonymous_8)
FN:178,(anonymous_9)
FN:197,(anonymous_10)
FN:205,(anonymous_11)
FN:233,(anonymous_12)
FN:254,(anonymous_13)
FN:270,(anonymous_14)
FNF:11
FNH:0
FNDA:0,(anonymous_4)
FNDA:0,(anonymous_5)
FNDA:0,(anonymous_6)
FNDA:0,(anonymous_7)
FNDA:0,(anonymous_8)
FNDA:0,(anonymous_9)
FNDA:0,(anonymous_10)
FNDA:0,(anonymous_11)
FNDA:0,(anonymous_12)
FNDA:0,(anonymous_13)
FNDA:0,(anonymous_14)
DA:1,0
DA:16,0
DA:17,0
DA:18,0
DA:19,0
DA:20,0
DA:21,0
DA:23,0
DA:24,0
DA:25,0
DA:28,0
DA:36,0
DA:39,0
DA:40,0
DA:41,0
DA:42,0
DA:52,0
DA:53,0
DA:54,0
DA:56,0
DA:58,0
DA:59,0
DA:61,0
DA:70,0
DA:75,0
DA:76,0
DA:78,0
DA:80,0
DA:88,0
DA:93,0
DA:94,0
DA:97,0
DA:99,0
DA:100,0
DA:103,0
DA:107,0
DA:124,0
DA:125,0
DA:126,0
DA:128,0
DA:129,0
DA:131,0
DA:134,0
DA:135,0
DA:136,0
DA:137,0
DA:140,0
DA:147,0
DA:149,0
DA:157,0
DA:164,0
DA:165,0
DA:168,0
DA:178,0
DA:179,0
DA:181,0
DA:183,0
DA:184,0
DA:197,0
DA:202,0
DA:203,0
DA:205,0
DA:206,0
DA:207,0
DA:216,0
DA:217,0
DA:218,0
DA:220,0
DA:233,0
DA:234,0
DA:236,0
DA:237,0
DA:238,0
DA:239,0
DA:241,0
DA:254,0
DA:255,0
DA:257,0
DA:261,0
DA:270,0
DA:271,0
DA:272,0
DA:273,0
LF:83
LH:0
BRDA:97,0,0,0
BRDA:97,0,1,0
BRDA:164,1,0,0
BRF:3
BRH:0
end_of_record
TN:
SF:src/modules/files/files.module.ts
FNF:0
FNH:0
DA:1,0
DA:2,0
DA:3,0
DA:4,0
DA:5,0
DA:6,0
DA:7,0
DA:15,0
LF:8
LH:0
BRF:0
BRH:0
end_of_record
TN:
SF:src/modules/user/users.module.ts
FNF:0
FNH:0
DA:1,0
DA:3,0
DA:5,0
DA:12,0
LF:4
LH:0
BRF:0
BRH:0
end_of_record
TN:
SF:src/modules/user/controllers/users.controller.ts
FNF:0
FNH:0
DA:1,0
DA:4,0
LF:2
LH:0
BRF:0
BRH:0
end_of_record
TN:
SF:src/modules/user/models/User.ts
FN:13,(anonymous_0)
FNF:1
FNH:0
FNDA:0,(anonymous_0)
DA:1,0
DA:8,0
DA:14,0
DA:15,0
DA:16,0
LF:5
LH:0
BRF:0
BRH:0
end_of_record
TN:
SF:src/modules/user/services/mock.users.service.ts
FN:16,(anonymous_1)
FN:17,(anonymous_2)
FN:20,(anonymous_3)
FN:24,(anonymous_4)
FN:30,(anonymous_5)
FN:31,(anonymous_6)
FNF:6
FNH:0
FNDA:0,(anonymous_1)
FNDA:0,(anonymous_2)
FNDA:0,(anonymous_3)
FNDA:0,(anonymous_4)
FNDA:0,(anonymous_5)
FNDA:0,(anonymous_6)
DA:1,0
DA:2,0
DA:4,0
DA:15,0
DA:17,0
DA:21,0
DA:25,0
DA:26,0
DA:27,0
DA:31,0
DA:32,0
LF:11
LH:0
BRF:0
BRH:0
end_of_record
TN:
SF:src/modules/user/services/users.service.ts
FN:29,(anonymous_1)
FN:41,(anonymous_2)
FN:45,(anonymous_3)
FN:76,(anonymous_4)
FNF:4
FNH:0
FNDA:0,(anonymous_1)
FNDA:0,(anonymous_2)
FNDA:0,(anonymous_3)
FNDA:0,(anonymous_4)
DA:1,0
DA:3,0
DA:4,0
DA:6,0
DA:28,0
DA:30,0
DA:32,0
DA:38,0
DA:42,0
DA:46,0
DA:47,0
DA:49,0
DA:55,0
DA:64,0
DA:66,0
DA:67,0
DA:68,0
DA:72,0
DA:83,0
DA:85,0
DA:91,0
LF:21
LH:0
BRDA:66,0,0,0
BRDA:67,1,0,0
BRF:2
BRH:0
end_of_record
TN:
SF:src/types/api/request.ts
FNF:0
FNH:0
DA:1,0
DA:3,0
DA:5,0
DA:8,0
DA:12,0
DA:14,0
DA:17,0
DA:20,0
DA:22,0
DA:25,0
DA:27,0
DA:30,0
DA:32,0
DA:35,0
LF:14
LH:0
BRF:0
BRH:0
end_of_record
TN:
SF:src/types/api/response.ts
FNF:0
FNH:0
DA:1,0
DA:10,0
DA:12,0
DA:15,0
DA:18,0
DA:21,0
DA:24,0
DA:26,0
DA:29,0
DA:36,0
DA:38,0
DA:40,0
DA:42,0
DA:44,0
DA:46,0
DA:49,0
DA:59,0
DA:80,0
DA:103,0
DA:109,0
DA:112,0
DA:122,0
DA:143,0
DA:166,0
DA:172,0
LF:25
LH:0
BRF:0
BRH:0
end_of_record
